<?xml version="1.0" encoding="UTF-8"?>
<!-- Generated by org.testng.reporters.JUnitXMLReporter -->
<testsuite ignored="0" hostname="kwsys4-HP-250-G8-Notebook-PC" failures="0" tests="2" name="Surefire test" time="30.426" errors="0" timestamp="27 Jul 2023 09:40:58 GMT">
  <testcase classname="Serien.SerienLive.StandAloneTest" name="profileValidation" time="11.895"/>
  <testcase classname="Serien.SerienLive.StandAloneTest" name="profileValidationNagative" time="11.741"/>
</testsuite> <!-- Surefire test -->
