<?xml version="1.0" encoding="UTF-8"?>
<!-- Generated by org.testng.reporters.JUnitXMLReporter -->
<testsuite ignored="1" hostname="kwsys4-HP-250-G8-Notebook-PC" failures="0" tests="1" name="Default test" time="51.145" errors="0" timestamp="08 Jan 2024 14:36:51 GMT">
  <testcase classname="Serien.SerienLive.AdminEnrollments" name="ValidatingTheEnrollmentListForEnrollmentConfirmation" time="47.561"/>
  <testcase classname="Serien.SerienLive.AdminEnrollments" name="CreatingGroupEnrollmentOfCourse" time="0.0">
    <ignored/>
  </testcase> <!-- CreatingGroupEnrollmentOfCourse -->
</testsuite> <!-- Default test -->
