<?xml version="1.0" encoding="UTF-8"?>
<!-- Generated by org.testng.reporters.JUnitXMLReporter -->
<testsuite ignored="0" hostname="kwsys4-HP-250-G8-Notebook-PC" failures="0" tests="2" name="ProfileFalseValidation" time="32.963" errors="0" timestamp="24 Jul 2023 17:03:05 GMT">
  <testcase classname="Serien.SerienLive.StandAloneTest" name="profileValidation" time="12.438"/>
  <testcase classname="Serien.SerienLive.StandAloneTest" name="profileValidation2" time="12.506"/>
</testsuite> <!-- ProfileFalseValidation -->
