<?xml version="1.0" encoding="UTF-8"?>
<!-- Generated by org.testng.reporters.JUnitXMLReporter -->
<testsuite ignored="0" hostname="kwsys4-HP-250-G8-Notebook-PC" failures="0" tests="2" name="Test" time="33.685" errors="0" timestamp="28 Jul 2023 05:35:54 GMT">
  <testcase classname="Serien.SerienLive.ErrorValidationInLoginPage" name="invaildeCredentional" time="2.217">
    <skipped/>
  </testcase> <!-- invaildeCredentional -->
  <testcase classname="Serien.SerienLive.ErrorValidationInLoginPage" name="invaildeCredentional" time="7.255"/>
</testsuite> <!-- Test -->
