<?xml version="1.0" encoding="UTF-8"?>
<!-- Generated by org.testng.reporters.JUnitXMLReporter -->
<testsuite ignored="1" hostname="kwsys4-HP-250-G8-Notebook-PC" failures="0" tests="1" name="Test8" time="7.76" errors="0" timestamp="02 Feb 2024 08:10:12 GMT">
  <testcase classname="Serien.SerienLive.GroupTest" name="ValidationOfGroupNameUserCountEnrollmentsCount" time="5.655"/>
  <testcase classname="Serien.SerienLive.GroupTest" name="CreatingGroupinAdminPanle" time="0.0">
    <ignored/>
  </testcase> <!-- CreatingGroupinAdminPanle -->
</testsuite> <!-- Test8 -->
