<?xml version="1.0" encoding="UTF-8"?>
<!-- Generated by org.testng.reporters.JUnitXMLReporter -->
<testsuite ignored="0" hostname="kwsys4-HP-250-G8-Notebook-PC" failures="0" tests="6" name="Test4" time="849.298" errors="0" timestamp="02 Feb 2024 08:04:45 GMT">
  <testcase classname="Serien.SerienLive.HRCoursesComplation" name="ValidationOfCoursesAttend" time="557.065"/>
  <testcase classname="Serien.SerienLive.HRCoursesComplation" name="ValidationOfMicroLearningAttend" time="236.513"/>
  <testcase classname="Serien.SerienLive.HRCoursesComplation" name="ValidationOfGameAttend" time="6.622"/>
  <testcase classname="Serien.SerienLive.HRCoursesComplation" name="all3CoursesProgressReset" time="11.499"/>
  <testcase classname="Serien.SerienLive.HRCoursesComplation" name="all3CoursesProgressReset" time="11.722"/>
  <testcase classname="Serien.SerienLive.HRCoursesComplation" name="all3CoursesProgressReset" time="11.695"/>
</testsuite> <!-- Test4 -->
