<?xml version="1.0" encoding="UTF-8"?>
<!-- Generated by org.testng.reporters.JUnitXMLReporter -->
<testsuite ignored="0" hostname="kwsys4-HP-250-G8-Notebook-PC" failures="1" tests="16" name="Test1" time="256.351" errors="0" timestamp="02 Feb 2024 07:48:30 GMT">
  <testcase classname="Serien.SerienLive.AdminEnrollments" name="CreatingGroupEnrollmentOfCourse" time="11.756"/>
  <testcase classname="Serien.SerienLive.AdminEnrollments" name="CreatingGroupEnrollmentOfCourse" time="11.609"/>
  <testcase classname="Serien.SerienLive.AdminEnrollments" name="CreatingGroupEnrollmentOfCourse" time="11.537"/>
  <testcase classname="Serien.SerienLive.AdminEnrollments" name="ValidatingTheEnrollmentListForEnrollmentConfirmation" time="5.491"/>
  <testcase classname="Serien.SerienLive.AdminEnrollments" name="ValidatingTheEnrollmentListForEnrollmentConfirmation" time="5.581"/>
  <testcase classname="Serien.SerienLive.AdminEnrollments" name="ValidatingTheEnrollmentListForEnrollmentConfirmation" time="5.414"/>
  <testcase classname="Serien.SerienLive.AdminEnrollments" name="validationOfCoursesEnrollmentFromHRpanle" time="3.395"/>
  <testcase classname="Serien.SerienLive.AdminEnrollments" name="validationOfMicroLearningEnrollmentFromHRpanle" time="3.844"/>
  <testcase classname="Serien.SerienLive.AdminEnrollments" name="validationOfGamesEnrollmentFromHRpanle" time="3.991"/>
  <testcase classname="Serien.SerienLive.AdminEnrollments" name="GetUserEnrollmentDetails" time="23.8"/>
  <testcase classname="Serien.SerienLive.AdminEnrollments" name="ComplateTheCourseforAParticularUser" time="35.31"/>
  <testcase classname="Serien.SerienLive.AdminEnrollments" name="ComplateTheCourseforAParticularUser" time="35.334"/>
  <testcase classname="Serien.SerienLive.AdminEnrollments" name="ComplateTheCourseforAParticularUser" time="41.518">
    <failure type="java.lang.AssertionError" message="expected [true] but found [false]">
      <![CDATA[java.lang.AssertionError: expected [true] but found [false]
at Serien.SerienLive.AdminEnrollments.ComplateTheCourseforAParticularUser(AdminEnrollments.java:90)
... Removed 29 stack frames]]>
    </failure>
  </testcase> <!-- ComplateTheCourseforAParticularUser -->
  <testcase classname="Serien.SerienLive.AdminEnrollments" name="deleteAll3Enrollments" time="7.423"/>
  <testcase classname="Serien.SerienLive.AdminEnrollments" name="deleteAll3Enrollments" time="7.35"/>
  <testcase classname="Serien.SerienLive.AdminEnrollments" name="deleteAll3Enrollments" time="7.824"/>
</testsuite> <!-- Test1 -->
