<?xml version="1.0" encoding="UTF-8"?>
<!-- Generated by org.testng.reporters.JUnitXMLReporter -->
<testsuite ignored="0" hostname="kwsys4-HP-250-G8-Notebook-PC" failures="0" tests="9" name="Test5" time="157.857" errors="0" timestamp="02 Feb 2024 08:07:23 GMT">
  <testcase classname="Serien.SerienLive.HRprogressReport" name="ValidatingEnrolledCoursesNameShouldDisplayInHRprogressReportPage" time="4.353"/>
  <testcase classname="Serien.SerienLive.HRprogressReport" name="ValidatingEnrolledMicroLearningNameShouldDisplayInHRprogressReportPage" time="4.711"/>
  <testcase classname="Serien.SerienLive.HRprogressReport" name="ValidatingEnrolledGameNameShouldDisplayInHRprogressReportPage" time="4.466"/>
  <testcase classname="Serien.SerienLive.HRprogressReport" name="ValidatingContsInreport" time="18.651"/>
  <testcase classname="Serien.SerienLive.HRprogressReport" name="ValidatingContsInreport" time="18.645"/>
  <testcase classname="Serien.SerienLive.HRprogressReport" name="ValidatingContsInreport" time="18.658"/>
  <testcase classname="Serien.SerienLive.HRprogressReport" name="ValidatingSearchBarByEmployeeNameAndEmployeeEmail" time="23.16"/>
  <testcase classname="Serien.SerienLive.HRprogressReport" name="ValidatingSearchBarByEmployeeNameAndEmployeeEmail" time="23.292"/>
  <testcase classname="Serien.SerienLive.HRprogressReport" name="ValidatingSearchBarByEmployeeNameAndEmployeeEmail" time="23.051"/>
</testsuite> <!-- Test5 -->
