<?xml version="1.0" encoding="UTF-8"?>
<!-- Generated by org.testng.reporters.JUnitXMLReporter -->
<testsuite ignored="0" hostname="kwsys4-HP-250-G8-Notebook-PC" failures="0" tests="5" name="Test3" time="85.677" errors="0" timestamp="02 Feb 2024 07:50:36 GMT">
  <testcase classname="Serien.SerienLive.HRlearning" name="ValidationOfDisclimerErrorMesg" time="6.139"/>
  <testcase classname="Serien.SerienLive.HRlearning" name="ValidationOfDisclimerAccepectingAcknowledgeAndStartTheCourses" time="8.197"/>
  <testcase classname="Serien.SerienLive.HRlearning" name="ValidationOfDisclimerAccepectingAcknowledgeAndStartMicroLearning" time="16.604"/>
  <testcase classname="Serien.SerienLive.HRlearning" name="ValidationOfDisclimerAccepectingAcknowledgeAndStartGame" time="6.412"/>
  <testcase classname="Serien.SerienLive.HRlearning" name="DeleteUserProgressForMakeDisclimerTrue" time="38.745"/>
</testsuite> <!-- Test3 -->
