<?xml version="1.0" encoding="UTF-8"?>
<testsuite xmlns:xsi="http://www.w3.org/2001/XMLSchema-instance" xsi:noNamespaceSchemaLocation="https://maven.apache.org/surefire/maven-surefire-plugin/xsd/surefire-test-report-3.0.xsd" version="3.0" name="TestSuite" time="2.428" tests="40" errors="0" skipped="39" failures="1">
  <properties>
[...]
</properties>
  <testcase name="launchApplication" classname="Serien.SerienLive.LoginPageTest" time="1.991">
    <failure message="Could not start a new session. Response code 500. Message: session not created: Chrome failed to start: exited normally.&#10;  (session not created: DevToolsActivePort file doesn&apos;t exist)&#10;  (The process started from chrome location /opt/google/chrome/chrome is no longer running, so ChromeDriver is assuming that Chrome has crashed.) &#10;Host info: host: &apos;kwsys4-HP-250-G8-Notebook-PC&apos;, ip: &apos;127.0.1.1&apos;&#10;Build info: version: &apos;4.10.0&apos;, revision: &apos;c14d967899&apos;&#10;System info: os.name: &apos;Linux&apos;, os.arch: &apos;amd64&apos;, os.version: &apos;6.2.0-36-generic&apos;, java.version: &apos;11.0.20.1&apos;&#10;Driver info: org.openqa.selenium.chrome.ChromeDriver&#10;Command: [null, newSession {capabilities=[Capabilities {browserName: chrome, goog:chromeOptions: {args: [--remote-allow-origins=*, --disable-dev-shm-usage, --ignore-ssl-errors=yes, --ignore-certificate-errors, --start-maximized], extensions: []}}]}]" type="org.openqa.selenium.SessionNotCreatedException"><![CDATA[org.openqa.selenium.SessionNotCreatedException: 
Could not start a new session. Response code 500. Message: session not created: Chrome failed to start: exited normally.
  (session not created: DevToolsActivePort file doesn't exist)
  (The process started from chrome location /opt/google/chrome/chrome is no longer running, so ChromeDriver is assuming that Chrome has crashed.) 
Host info: host: 'kwsys4-HP-250-G8-Notebook-PC', ip: '127.0.1.1'
Build info: version: '4.10.0', revision: 'c14d967899'
System info: os.name: 'Linux', os.arch: 'amd64', os.version: '6.2.0-36-generic', java.version: '11.0.20.1'
Driver info: org.openqa.selenium.chrome.ChromeDriver
Command: [null, newSession {capabilities=[Capabilities {browserName: chrome, goog:chromeOptions: {args: [--remote-allow-origins=*, --disable-dev-shm-usage, --ignore-ssl-errors=yes, --ignore-certificate-errors, --start-maximized], extensions: []}}]}]
	at org.openqa.selenium.remote.ProtocolHandshake.createSession(ProtocolHandshake.java:140)
	at org.openqa.selenium.remote.ProtocolHandshake.createSession(ProtocolHandshake.java:96)
	at org.openqa.selenium.remote.ProtocolHandshake.createSession(ProtocolHandshake.java:68)
	at org.openqa.selenium.remote.HttpCommandExecutor.execute(HttpCommandExecutor.java:163)
	at org.openqa.selenium.remote.service.DriverCommandExecutor.invokeExecute(DriverCommandExecutor.java:196)
	at org.openqa.selenium.remote.service.DriverCommandExecutor.execute(DriverCommandExecutor.java:171)
	at org.openqa.selenium.remote.RemoteWebDriver.execute(RemoteWebDriver.java:531)
	at org.openqa.selenium.remote.RemoteWebDriver.startSession(RemoteWebDriver.java:227)
	at org.openqa.selenium.remote.RemoteWebDriver.<init>(RemoteWebDriver.java:154)
	at org.openqa.selenium.chromium.ChromiumDriver.<init>(ChromiumDriver.java:107)
	at org.openqa.selenium.chrome.ChromeDriver.<init>(ChromeDriver.java:87)
	at org.openqa.selenium.chrome.ChromeDriver.<init>(ChromeDriver.java:82)
	at org.openqa.selenium.chrome.ChromeDriver.<init>(ChromeDriver.java:71)
	at serien.TestComponents.BaseTest.initializeDriver(BaseTest.java:70)
	at serien.TestComponents.BaseTest.launchApplication(BaseTest.java:123)
	at java.base/jdk.internal.reflect.NativeMethodAccessorImpl.invoke0(Native Method)
	at java.base/jdk.internal.reflect.NativeMethodAccessorImpl.invoke(NativeMethodAccessorImpl.java:62)
	at java.base/jdk.internal.reflect.DelegatingMethodAccessorImpl.invoke(DelegatingMethodAccessorImpl.java:43)
	at java.base/java.lang.reflect.Method.invoke(Method.java:566)
	at org.testng.internal.MethodInvocationHelper.invokeMethod(MethodInvocationHelper.java:124)
	at org.testng.internal.MethodInvocationHelper.invokeMethodConsideringTimeout(MethodInvocationHelper.java:59)
	at org.testng.internal.Invoker.invokeConfigurationMethod(Invoker.java:458)
	at org.testng.internal.Invoker.invokeConfigurations(Invoker.java:222)
	at org.testng.internal.Invoker.invokeMethod(Invoker.java:523)
	at org.testng.internal.Invoker.invokeTestMethod(Invoker.java:719)
	at org.testng.internal.Invoker.invokeTestMethods(Invoker.java:989)
	at org.testng.internal.TestMethodWorker.invokeTestMethods(TestMethodWorker.java:125)
	at org.testng.internal.TestMethodWorker.run(TestMethodWorker.java:109)
	at org.testng.TestRunner.privateRun(TestRunner.java:648)
	at org.testng.TestRunner.run(TestRunner.java:505)
	at org.testng.SuiteRunner.runTest(SuiteRunner.java:455)
	at org.testng.SuiteRunner.runSequentially(SuiteRunner.java:450)
	at org.testng.SuiteRunner.privateRun(SuiteRunner.java:415)
	at org.testng.SuiteRunner.run(SuiteRunner.java:364)
	at org.testng.SuiteRunnerWorker.runSuite(SuiteRunnerWorker.java:52)
	at org.testng.SuiteRunnerWorker.run(SuiteRunnerWorker.java:84)
	at org.testng.TestNG.runSuitesSequentially(TestNG.java:1208)
	at org.testng.TestNG.runSuitesLocally(TestNG.java:1137)
	at org.testng.TestNG.runSuites(TestNG.java:1049)
	at org.testng.TestNG.run(TestNG.java:1017)
	at org.apache.maven.surefire.testng.TestNGExecutor.run(TestNGExecutor.java:308)
	at org.apache.maven.surefire.testng.TestNGXmlTestSuite.execute(TestNGXmlTestSuite.java:71)
	at org.apache.maven.surefire.testng.TestNGProvider.invoke(TestNGProvider.java:113)
	at org.apache.maven.surefire.booter.ForkedBooter.runSuitesInProcess(ForkedBooter.java:385)
	at org.apache.maven.surefire.booter.ForkedBooter.execute(ForkedBooter.java:162)
	at org.apache.maven.surefire.booter.ForkedBooter.run(ForkedBooter.java:507)
	at org.apache.maven.surefire.booter.ForkedBooter.main(ForkedBooter.java:495)
]]></failure>
    <system-out><![CDATA[[TestNGContentHandler] [WARN] It is strongly recommended to add "<!DOCTYPE suite SYSTEM "http://testng.org/testng-1.0.dtd" >" at the top of your file, otherwise TestNG may fail or not work as expected.
]]></system-out>
    <system-err><![CDATA[SLF4J: No SLF4J providers were found.
SLF4J: Defaulting to no-operation (NOP) logger implementation
SLF4J: See https://www.slf4j.org/codes.html#noProviders for further details.
Mar 15, 2024 2:46:14 PM org.openqa.selenium.remote.service.DriverService$Builder getLogOutput
INFO: Driver logs no longer sent to console by default; https://www.selenium.dev/documentation/webdriver/drivers/service/#setting-log-output
]]></system-err>
  </testcase>
  <testcase name="launchApplication" classname="Serien.SerienLive.LoginPageTest" time="0.0">
    <skipped/>
  </testcase>
  <testcase name="launchApplication" classname="Serien.SerienLive.LoginPageTest" time="0.0">
    <skipped/>
  </testcase>
  <testcase name="launchApplication" classname="Serien.SerienLive.LoginPageTest" time="0.0">
    <skipped/>
  </testcase>
  <testcase name="launchApplication" classname="Serien.SerienLive.LoginPageTest" time="0.0">
    <skipped/>
  </testcase>
  <testcase name="launchApplication" classname="Serien.SerienLive.LoginPageTest" time="0.0">
    <skipped/>
  </testcase>
  <testcase name="launchApplication" classname="Serien.SerienLive.LoginPageTest" time="0.0">
    <skipped/>
  </testcase>
  <testcase name="launchApplication" classname="Serien.SerienLive.LoginPageTest" time="0.0">
    <skipped/>
  </testcase>
  <testcase name="launchApplication" classname="Serien.SerienLive.LoginPageTest" time="0.0">
    <skipped/>
  </testcase>
  <testcase name="launchApplication" classname="Serien.SerienLive.LoginPageTest" time="0.0">
    <skipped/>
  </testcase>
  <testcase name="launchApplication" classname="Serien.SerienLive.LoginPageTest" time="0.0">
    <skipped/>
  </testcase>
  <testcase name="launchApplication" classname="Serien.SerienLive.LoginPageTest" time="0.0">
    <skipped/>
  </testcase>
  <testcase name="launchApplication" classname="Serien.SerienLive.LoginPageTest" time="0.0">
    <skipped/>
  </testcase>
  <testcase name="ValidateInEmailAndPasswordInvalideCredentials" classname="Serien.SerienLive.LoginPageTest" time="0.0">
    <skipped message="Could not start a new session. Response code 500. Message: session not created: Chrome failed to start: exited normally.&#10;  (session not created: DevToolsActivePort file doesn&apos;t exist)&#10;  (The process started from chrome location /opt/google/chrome/chrome is no longer running, so ChromeDriver is assuming that Chrome has crashed.) &#10;Host info: host: &apos;kwsys4-HP-250-G8-Notebook-PC&apos;, ip: &apos;127.0.1.1&apos;&#10;Build info: version: &apos;4.10.0&apos;, revision: &apos;c14d967899&apos;&#10;System info: os.name: &apos;Linux&apos;, os.arch: &apos;amd64&apos;, os.version: &apos;6.2.0-36-generic&apos;, java.version: &apos;11.0.20.1&apos;&#10;Driver info: org.openqa.selenium.chrome.ChromeDriver&#10;Command: [null, newSession {capabilities=[Capabilities {browserName: chrome, goog:chromeOptions: {args: [--remote-allow-origins=*, --disable-dev-shm-usage, --ignore-ssl-errors=yes, --ignore-certificate-errors, --start-maximized], extensions: []}}]}]"/>
  </testcase>
  <testcase name="tearDown" classname="Serien.SerienLive.LoginPageTest" time="0.0">
    <skipped/>
  </testcase>
  <testcase name="tearDown" classname="Serien.SerienLive.LoginPageTest" time="0.0">
    <skipped/>
  </testcase>
  <testcase name="tearDown" classname="Serien.SerienLive.LoginPageTest" time="0.0">
    <skipped/>
  </testcase>
  <testcase name="tearDown" classname="Serien.SerienLive.LoginPageTest" time="0.0">
    <skipped/>
  </testcase>
  <testcase name="tearDown" classname="Serien.SerienLive.LoginPageTest" time="0.0">
    <skipped/>
  </testcase>
  <testcase name="tearDown" classname="Serien.SerienLive.LoginPageTest" time="0.0">
    <skipped/>
  </testcase>
  <testcase name="tearDown" classname="Serien.SerienLive.LoginPageTest" time="0.0">
    <skipped/>
  </testcase>
  <testcase name="tearDown" classname="Serien.SerienLive.LoginPageTest" time="0.0">
    <skipped/>
  </testcase>
  <testcase name="tearDown" classname="Serien.SerienLive.LoginPageTest" time="0.0">
    <skipped/>
  </testcase>
  <testcase name="tearDown" classname="Serien.SerienLive.LoginPageTest" time="0.0">
    <skipped/>
  </testcase>
  <testcase name="tearDown" classname="Serien.SerienLive.LoginPageTest" time="0.0">
    <skipped/>
  </testcase>
  <testcase name="tearDown" classname="Serien.SerienLive.LoginPageTest" time="0.0">
    <skipped/>
  </testcase>
  <testcase name="tearDown" classname="Serien.SerienLive.LoginPageTest" time="0.0">
    <skipped/>
  </testcase>
  <testcase name="vaildeCredentional" classname="Serien.SerienLive.LoginPageTest" time="0.0">
    <skipped message="Could not start a new session. Response code 500. Message: session not created: Chrome failed to start: exited normally.&#10;  (session not created: DevToolsActivePort file doesn&apos;t exist)&#10;  (The process started from chrome location /opt/google/chrome/chrome is no longer running, so ChromeDriver is assuming that Chrome has crashed.) &#10;Host info: host: &apos;kwsys4-HP-250-G8-Notebook-PC&apos;, ip: &apos;127.0.1.1&apos;&#10;Build info: version: &apos;4.10.0&apos;, revision: &apos;c14d967899&apos;&#10;System info: os.name: &apos;Linux&apos;, os.arch: &apos;amd64&apos;, os.version: &apos;6.2.0-36-generic&apos;, java.version: &apos;11.0.20.1&apos;&#10;Driver info: org.openqa.selenium.chrome.ChromeDriver&#10;Command: [null, newSession {capabilities=[Capabilities {browserName: chrome, goog:chromeOptions: {args: [--remote-allow-origins=*, --disable-dev-shm-usage, --ignore-ssl-errors=yes, --ignore-certificate-errors, --start-maximized], extensions: []}}]}]"/>
  </testcase>
  <testcase name="InvalidespaceEmail" classname="Serien.SerienLive.LoginPageTest" time="0.0">
    <skipped message="Could not start a new session. Response code 500. Message: session not created: Chrome failed to start: exited normally.&#10;  (session not created: DevToolsActivePort file doesn&apos;t exist)&#10;  (The process started from chrome location /opt/google/chrome/chrome is no longer running, so ChromeDriver is assuming that Chrome has crashed.) &#10;Host info: host: &apos;kwsys4-HP-250-G8-Notebook-PC&apos;, ip: &apos;127.0.1.1&apos;&#10;Build info: version: &apos;4.10.0&apos;, revision: &apos;c14d967899&apos;&#10;System info: os.name: &apos;Linux&apos;, os.arch: &apos;amd64&apos;, os.version: &apos;6.2.0-36-generic&apos;, java.version: &apos;11.0.20.1&apos;&#10;Driver info: org.openqa.selenium.chrome.ChromeDriver&#10;Command: [null, newSession {capabilities=[Capabilities {browserName: chrome, goog:chromeOptions: {args: [--remote-allow-origins=*, --disable-dev-shm-usage, --ignore-ssl-errors=yes, --ignore-certificate-errors, --start-maximized], extensions: []}}]}]"/>
  </testcase>
  <testcase name="ValidateEmailFieldByEnteringCapitalLaters" classname="Serien.SerienLive.LoginPageTest" time="0.0">
    <skipped message="Could not start a new session. Response code 500. Message: session not created: Chrome failed to start: exited normally.&#10;  (session not created: DevToolsActivePort file doesn&apos;t exist)&#10;  (The process started from chrome location /opt/google/chrome/chrome is no longer running, so ChromeDriver is assuming that Chrome has crashed.) &#10;Host info: host: &apos;kwsys4-HP-250-G8-Notebook-PC&apos;, ip: &apos;127.0.1.1&apos;&#10;Build info: version: &apos;4.10.0&apos;, revision: &apos;c14d967899&apos;&#10;System info: os.name: &apos;Linux&apos;, os.arch: &apos;amd64&apos;, os.version: &apos;6.2.0-36-generic&apos;, java.version: &apos;11.0.20.1&apos;&#10;Driver info: org.openqa.selenium.chrome.ChromeDriver&#10;Command: [null, newSession {capabilities=[Capabilities {browserName: chrome, goog:chromeOptions: {args: [--remote-allow-origins=*, --disable-dev-shm-usage, --ignore-ssl-errors=yes, --ignore-certificate-errors, --start-maximized], extensions: []}}]}]"/>
  </testcase>
  <testcase name="ValidateloginWithInvalidEmailCredentials" classname="Serien.SerienLive.LoginPageTest" time="0.0">
    <skipped message="Could not start a new session. Response code 500. Message: session not created: Chrome failed to start: exited normally.&#10;  (session not created: DevToolsActivePort file doesn&apos;t exist)&#10;  (The process started from chrome location /opt/google/chrome/chrome is no longer running, so ChromeDriver is assuming that Chrome has crashed.) &#10;Host info: host: &apos;kwsys4-HP-250-G8-Notebook-PC&apos;, ip: &apos;127.0.1.1&apos;&#10;Build info: version: &apos;4.10.0&apos;, revision: &apos;c14d967899&apos;&#10;System info: os.name: &apos;Linux&apos;, os.arch: &apos;amd64&apos;, os.version: &apos;6.2.0-36-generic&apos;, java.version: &apos;11.0.20.1&apos;&#10;Driver info: org.openqa.selenium.chrome.ChromeDriver&#10;Command: [null, newSession {capabilities=[Capabilities {browserName: chrome, goog:chromeOptions: {args: [--remote-allow-origins=*, --disable-dev-shm-usage, --ignore-ssl-errors=yes, --ignore-certificate-errors, --start-maximized], extensions: []}}]}]"/>
  </testcase>
  <testcase name="ValidateLoginWithInvalidPasswordCredentials" classname="Serien.SerienLive.LoginPageTest" time="0.0">
    <skipped message="Could not start a new session. Response code 500. Message: session not created: Chrome failed to start: exited normally.&#10;  (session not created: DevToolsActivePort file doesn&apos;t exist)&#10;  (The process started from chrome location /opt/google/chrome/chrome is no longer running, so ChromeDriver is assuming that Chrome has crashed.) &#10;Host info: host: &apos;kwsys4-HP-250-G8-Notebook-PC&apos;, ip: &apos;127.0.1.1&apos;&#10;Build info: version: &apos;4.10.0&apos;, revision: &apos;c14d967899&apos;&#10;System info: os.name: &apos;Linux&apos;, os.arch: &apos;amd64&apos;, os.version: &apos;6.2.0-36-generic&apos;, java.version: &apos;11.0.20.1&apos;&#10;Driver info: org.openqa.selenium.chrome.ChromeDriver&#10;Command: [null, newSession {capabilities=[Capabilities {browserName: chrome, goog:chromeOptions: {args: [--remote-allow-origins=*, --disable-dev-shm-usage, --ignore-ssl-errors=yes, --ignore-certificate-errors, --start-maximized], extensions: []}}]}]"/>
  </testcase>
  <testcase name="ValidateEmailFieldWithoutAddingAnyDataIntoInEmailTextFiled" classname="Serien.SerienLive.LoginPageTest" time="0.0">
    <skipped message="Could not start a new session. Response code 500. Message: session not created: Chrome failed to start: exited normally.&#10;  (session not created: DevToolsActivePort file doesn&apos;t exist)&#10;  (The process started from chrome location /opt/google/chrome/chrome is no longer running, so ChromeDriver is assuming that Chrome has crashed.) &#10;Host info: host: &apos;kwsys4-HP-250-G8-Notebook-PC&apos;, ip: &apos;127.0.1.1&apos;&#10;Build info: version: &apos;4.10.0&apos;, revision: &apos;c14d967899&apos;&#10;System info: os.name: &apos;Linux&apos;, os.arch: &apos;amd64&apos;, os.version: &apos;6.2.0-36-generic&apos;, java.version: &apos;11.0.20.1&apos;&#10;Driver info: org.openqa.selenium.chrome.ChromeDriver&#10;Command: [null, newSession {capabilities=[Capabilities {browserName: chrome, goog:chromeOptions: {args: [--remote-allow-origins=*, --disable-dev-shm-usage, --ignore-ssl-errors=yes, --ignore-certificate-errors, --start-maximized], extensions: []}}]}]"/>
  </testcase>
  <testcase name="ValidatePasswordFieldWithoutEnteringThePasswordInThePasswordField" classname="Serien.SerienLive.LoginPageTest" time="0.0">
    <skipped message="Could not start a new session. Response code 500. Message: session not created: Chrome failed to start: exited normally.&#10;  (session not created: DevToolsActivePort file doesn&apos;t exist)&#10;  (The process started from chrome location /opt/google/chrome/chrome is no longer running, so ChromeDriver is assuming that Chrome has crashed.) &#10;Host info: host: &apos;kwsys4-HP-250-G8-Notebook-PC&apos;, ip: &apos;127.0.1.1&apos;&#10;Build info: version: &apos;4.10.0&apos;, revision: &apos;c14d967899&apos;&#10;System info: os.name: &apos;Linux&apos;, os.arch: &apos;amd64&apos;, os.version: &apos;6.2.0-36-generic&apos;, java.version: &apos;11.0.20.1&apos;&#10;Driver info: org.openqa.selenium.chrome.ChromeDriver&#10;Command: [null, newSession {capabilities=[Capabilities {browserName: chrome, goog:chromeOptions: {args: [--remote-allow-origins=*, --disable-dev-shm-usage, --ignore-ssl-errors=yes, --ignore-certificate-errors, --start-maximized], extensions: []}}]}]"/>
  </testcase>
  <testcase name="ValidatingLoginWithBrowserBack" classname="Serien.SerienLive.LoginPageTest" time="0.0">
    <skipped message="Could not start a new session. Response code 500. Message: session not created: Chrome failed to start: exited normally.&#10;  (session not created: DevToolsActivePort file doesn&apos;t exist)&#10;  (The process started from chrome location /opt/google/chrome/chrome is no longer running, so ChromeDriver is assuming that Chrome has crashed.) &#10;Host info: host: &apos;kwsys4-HP-250-G8-Notebook-PC&apos;, ip: &apos;127.0.1.1&apos;&#10;Build info: version: &apos;4.10.0&apos;, revision: &apos;c14d967899&apos;&#10;System info: os.name: &apos;Linux&apos;, os.arch: &apos;amd64&apos;, os.version: &apos;6.2.0-36-generic&apos;, java.version: &apos;11.0.20.1&apos;&#10;Driver info: org.openqa.selenium.chrome.ChromeDriver&#10;Command: [null, newSession {capabilities=[Capabilities {browserName: chrome, goog:chromeOptions: {args: [--remote-allow-origins=*, --disable-dev-shm-usage, --ignore-ssl-errors=yes, --ignore-certificate-errors, --start-maximized], extensions: []}}]}]"/>
  </testcase>
  <testcase name="ValidatingThePageTitleAndURL" classname="Serien.SerienLive.LoginPageTest" time="0.0">
    <skipped message="Could not start a new session. Response code 500. Message: session not created: Chrome failed to start: exited normally.&#10;  (session not created: DevToolsActivePort file doesn&apos;t exist)&#10;  (The process started from chrome location /opt/google/chrome/chrome is no longer running, so ChromeDriver is assuming that Chrome has crashed.) &#10;Host info: host: &apos;kwsys4-HP-250-G8-Notebook-PC&apos;, ip: &apos;127.0.1.1&apos;&#10;Build info: version: &apos;4.10.0&apos;, revision: &apos;c14d967899&apos;&#10;System info: os.name: &apos;Linux&apos;, os.arch: &apos;amd64&apos;, os.version: &apos;6.2.0-36-generic&apos;, java.version: &apos;11.0.20.1&apos;&#10;Driver info: org.openqa.selenium.chrome.ChromeDriver&#10;Command: [null, newSession {capabilities=[Capabilities {browserName: chrome, goog:chromeOptions: {args: [--remote-allow-origins=*, --disable-dev-shm-usage, --ignore-ssl-errors=yes, --ignore-certificate-errors, --start-maximized], extensions: []}}]}]"/>
  </testcase>
  <testcase name="NavigationToForgetPasswordPage" classname="Serien.SerienLive.LoginPageTest" time="0.0">
    <skipped message="Could not start a new session. Response code 500. Message: session not created: Chrome failed to start: exited normally.&#10;  (session not created: DevToolsActivePort file doesn&apos;t exist)&#10;  (The process started from chrome location /opt/google/chrome/chrome is no longer running, so ChromeDriver is assuming that Chrome has crashed.) &#10;Host info: host: &apos;kwsys4-HP-250-G8-Notebook-PC&apos;, ip: &apos;127.0.1.1&apos;&#10;Build info: version: &apos;4.10.0&apos;, revision: &apos;c14d967899&apos;&#10;System info: os.name: &apos;Linux&apos;, os.arch: &apos;amd64&apos;, os.version: &apos;6.2.0-36-generic&apos;, java.version: &apos;11.0.20.1&apos;&#10;Driver info: org.openqa.selenium.chrome.ChromeDriver&#10;Command: [null, newSession {capabilities=[Capabilities {browserName: chrome, goog:chromeOptions: {args: [--remote-allow-origins=*, --disable-dev-shm-usage, --ignore-ssl-errors=yes, --ignore-certificate-errors, --start-maximized], extensions: []}}]}]"/>
  </testcase>
  <testcase name="ValidationOfErrorMessageInForgetPasswordPage" classname="Serien.SerienLive.LoginPageTest" time="0.0">
    <skipped message="Could not start a new session. Response code 500. Message: session not created: Chrome failed to start: exited normally.&#10;  (session not created: DevToolsActivePort file doesn&apos;t exist)&#10;  (The process started from chrome location /opt/google/chrome/chrome is no longer running, so ChromeDriver is assuming that Chrome has crashed.) &#10;Host info: host: &apos;kwsys4-HP-250-G8-Notebook-PC&apos;, ip: &apos;127.0.1.1&apos;&#10;Build info: version: &apos;4.10.0&apos;, revision: &apos;c14d967899&apos;&#10;System info: os.name: &apos;Linux&apos;, os.arch: &apos;amd64&apos;, os.version: &apos;6.2.0-36-generic&apos;, java.version: &apos;11.0.20.1&apos;&#10;Driver info: org.openqa.selenium.chrome.ChromeDriver&#10;Command: [null, newSession {capabilities=[Capabilities {browserName: chrome, goog:chromeOptions: {args: [--remote-allow-origins=*, --disable-dev-shm-usage, --ignore-ssl-errors=yes, --ignore-certificate-errors, --start-maximized], extensions: []}}]}]"/>
  </testcase>
  <testcase name="ValidationOfErrorMessageInvalidEmailInForgetPasswordPage" classname="Serien.SerienLive.LoginPageTest" time="0.0">
    <skipped message="Could not start a new session. Response code 500. Message: session not created: Chrome failed to start: exited normally.&#10;  (session not created: DevToolsActivePort file doesn&apos;t exist)&#10;  (The process started from chrome location /opt/google/chrome/chrome is no longer running, so ChromeDriver is assuming that Chrome has crashed.) &#10;Host info: host: &apos;kwsys4-HP-250-G8-Notebook-PC&apos;, ip: &apos;127.0.1.1&apos;&#10;Build info: version: &apos;4.10.0&apos;, revision: &apos;c14d967899&apos;&#10;System info: os.name: &apos;Linux&apos;, os.arch: &apos;amd64&apos;, os.version: &apos;6.2.0-36-generic&apos;, java.version: &apos;11.0.20.1&apos;&#10;Driver info: org.openqa.selenium.chrome.ChromeDriver&#10;Command: [null, newSession {capabilities=[Capabilities {browserName: chrome, goog:chromeOptions: {args: [--remote-allow-origins=*, --disable-dev-shm-usage, --ignore-ssl-errors=yes, --ignore-certificate-errors, --start-maximized], extensions: []}}]}]"/>
  </testcase>
  <testcase name="ValidationOfSetPasswordLinkSendSucessfully" classname="Serien.SerienLive.LoginPageTest" time="0.0">
    <skipped message="Method LoginPageTest.ValidationOfSetPasswordLinkSendSucessfully(java.util.HashMap)[pri:14, instance:Serien.SerienLive.LoginPageTest@77102b91] depends on not successfully finished methods"/>
  </testcase>
</testsuite>