<?xml version="1.0" encoding="UTF-8"?>
<testng-results ignored="2" total="3" passed="1" failed="0" skipped="0">
  <reporter-output>
  </reporter-output>
  <suite started-at="2024-01-11T07:38:39Z" name="Default suite" finished-at="2024-01-11T07:38:50Z" duration-ms="10197">
    <groups>
    </groups>
    <test started-at="2024-01-11T07:38:39Z" name="Default test" finished-at="2024-01-11T07:38:50Z" duration-ms="10197">
      <class name="Serien.SerienLive.HRprogressReport">
        <test-method is-config="true" signature="lunchApplication()[pri:0, instance:Serien.SerienLive.HRprogressReport@8576fa0]" started-at="2024-01-11T07:38:39Z" name="lunchApplication" finished-at="2024-01-11T07:38:44Z" duration-ms="4883" status="PASS">
          <reporter-output>
          </reporter-output>
        </test-method> <!-- lunchApplication -->
        <test-method signature="ValidatingEnrolledMicroLearningNameShouldDisplayInHRprogressReportPage(java.util.HashMap)[pri:2, instance:Serien.SerienLive.HRprogressReport@8576fa0]" started-at="2024-01-11T07:38:44Z" name="ValidatingEnrolledMicroLearningNameShouldDisplayInHRprogressReportPage" data-provider="getdata" finished-at="2024-01-11T07:38:50Z" duration-ms="5299" status="PASS">
          <params>
            <param index="0">
              <value>
                <![CDATA[{CourseName=Safety and inclusion at the workplace, GroupName=Sitero_PoSH_2023, Useremail=omkar@krishworks.com, typeOfTraining=course, userpass=password, dueDate=12122024, Gamesname=Omkar test, adminPass=pass2023, ExpDiscilemrAlertMeg=Please Acknowledge Disclaimer First !, adminEmail=admin@demo.com, MicroLearningCourses=Affinity bias}]]>
              </value>
            </param>
          </params>
          <reporter-output>
          </reporter-output>
        </test-method> <!-- ValidatingEnrolledMicroLearningNameShouldDisplayInHRprogressReportPage -->
        <test-method is-config="true" signature="tearDown()[pri:0, instance:Serien.SerienLive.HRprogressReport@8576fa0]" started-at="2024-01-11T07:38:50Z" name="tearDown" finished-at="2024-01-11T07:38:50Z" duration-ms="0" status="PASS">
          <reporter-output>
          </reporter-output>
        </test-method> <!-- tearDown -->
      </class> <!-- Serien.SerienLive.HRprogressReport -->
    </test> <!-- Default test -->
  </suite> <!-- Default suite -->
</testng-results>
