<?xml version="1.0" encoding="UTF-8"?>
<testng-results ignored="2" total="3" passed="1" failed="0" skipped="0">
  <reporter-output>
  </reporter-output>
  <suite started-at="2024-02-02T06:40:09Z" name="Default suite" finished-at="2024-02-02T06:41:23Z" duration-ms="74460">
    <groups>
    </groups>
    <test started-at="2024-02-02T06:40:09Z" name="Default test" finished-at="2024-02-02T06:41:23Z" duration-ms="74460">
      <class name="Serien.SerienLive.EndToEndTestCase">
        <test-method is-config="true" signature="lunchApplication()[pri:0, instance:Serien.SerienLive.EndToEndTestCase@8576fa0]" started-at="2024-02-02T06:40:09Z" name="lunchApplication" finished-at="2024-02-02T06:40:12Z" duration-ms="2763" status="PASS">
          <reporter-output>
          </reporter-output>
        </test-method> <!-- lunchApplication -->
        <test-method signature="ValidationOfGroupDateExpired(java.util.HashMap)[pri:3, instance:Serien.SerienLive.EndToEndTestCase@8576fa0]" started-at="2024-02-02T06:40:12Z" name="ValidationOfGroupDateExpired" data-provider="ValidationOfGroupDateExpiredDataSheet" finished-at="2024-02-02T06:41:23Z" duration-ms="71546" status="PASS">
          <params>
            <param index="0">
              <value>
                <![CDATA[{CourseName=Prevention of sexual harassment in the workplace – Hindi, userPass=password, companyName=TCS, adminPass=pass2023, groupName=TCS part2, typeOfTraining=course, Validation Of Group Date Expired Data Sheet=, empName=omkar, // login credentionals & user deatils=, userEmail=omkar@krishworks.com, groupExpInValid=30/01/2024, groupExpValid=29/12/2024, // group creation & enrollment deatils=, adminEmail=admin@demo.com}]]>
              </value>
            </param>
          </params>
          <reporter-output>
          </reporter-output>
        </test-method> <!-- ValidationOfGroupDateExpired -->
        <test-method is-config="true" signature="tearDown()[pri:0, instance:Serien.SerienLive.EndToEndTestCase@8576fa0]" started-at="2024-02-02T06:41:23Z" name="tearDown" finished-at="2024-02-02T06:41:23Z" duration-ms="0" status="PASS">
          <reporter-output>
          </reporter-output>
        </test-method> <!-- tearDown -->
      </class> <!-- Serien.SerienLive.EndToEndTestCase -->
    </test> <!-- Default test -->
  </suite> <!-- Default suite -->
</testng-results>
