<?xml version="1.0" encoding="UTF-8"?>
<testng-results ignored="4" total="7" passed="3" failed="0" skipped="0">
  <reporter-output>
  </reporter-output>
  <suite started-at="2024-02-01T05:49:57Z" name="Default suite" finished-at="2024-02-01T05:51:17Z" duration-ms="79776">
    <groups>
    </groups>
    <test started-at="2024-02-01T05:49:57Z" name="Default test" finished-at="2024-02-01T05:51:17Z" duration-ms="79776">
      <class name="Serien.SerienLive.HRprogressReport">
        <test-method is-config="true" signature="lunchApplication()[pri:0, instance:Serien.SerienLive.HRprogressReport@3daf7722]" started-at="2024-02-01T05:49:57Z" name="lunchApplication" finished-at="2024-02-01T05:50:01Z" duration-ms="3836" status="PASS">
          <reporter-output>
          </reporter-output>
        </test-method> <!-- lunchApplication -->
        <test-method signature="ValidatingSearchBarByEmployeeNameAndEmployeeEmail(java.util.HashMap)[pri:5, instance:Serien.SerienLive.HRprogressReport@3daf7722]" started-at="2024-02-01T05:50:01Z" name="ValidatingSearchBarByEmployeeNameAndEmployeeEmail" data-provider="all3typeCoursesDeatils" finished-at="2024-02-01T05:50:24Z" duration-ms="23162" status="PASS">
          <params>
            <param index="0">
              <value>
                <![CDATA[{CourseName=automatiom Test Training, Useremail=automation1@gmail.com, typeOfTraining=course, userName=automation Tester 1, userpass=password}]]>
              </value>
            </param>
          </params>
          <reporter-output>
          </reporter-output>
        </test-method> <!-- ValidatingSearchBarByEmployeeNameAndEmployeeEmail -->
        <test-method is-config="true" signature="tearDown()[pri:0, instance:Serien.SerienLive.HRprogressReport@3daf7722]" started-at="2024-02-01T05:50:24Z" name="tearDown" finished-at="2024-02-01T05:50:24Z" duration-ms="0" status="PASS">
          <reporter-output>
          </reporter-output>
        </test-method> <!-- tearDown -->
        <test-method is-config="true" signature="lunchApplication()[pri:0, instance:Serien.SerienLive.HRprogressReport@3daf7722]" started-at="2024-02-01T05:50:24Z" name="lunchApplication" finished-at="2024-02-01T05:50:28Z" duration-ms="3579" status="PASS">
          <reporter-output>
          </reporter-output>
        </test-method> <!-- lunchApplication -->
        <test-method signature="ValidatingSearchBarByEmployeeNameAndEmployeeEmail(java.util.HashMap)[pri:5, instance:Serien.SerienLive.HRprogressReport@3daf7722]" started-at="2024-02-01T05:50:28Z" name="ValidatingSearchBarByEmployeeNameAndEmployeeEmail" data-provider="all3typeCoursesDeatils" finished-at="2024-02-01T05:50:51Z" duration-ms="23277" status="PASS">
          <params>
            <param index="0">
              <value>
                <![CDATA[{CourseName=Descriptive & prescriptive stereotypes, Useremail=automation1@gmail.com, typeOfTraining=Micro course, userName=automation Tester 1, userpass=password}]]>
              </value>
            </param>
          </params>
          <reporter-output>
          </reporter-output>
        </test-method> <!-- ValidatingSearchBarByEmployeeNameAndEmployeeEmail -->
        <test-method is-config="true" signature="lunchApplication()[pri:0, instance:Serien.SerienLive.HRprogressReport@3daf7722]" started-at="2024-02-01T05:50:51Z" name="lunchApplication" finished-at="2024-02-01T05:50:53Z" duration-ms="2636" status="PASS">
          <reporter-output>
          </reporter-output>
        </test-method> <!-- lunchApplication -->
        <test-method is-config="true" signature="tearDown()[pri:0, instance:Serien.SerienLive.HRprogressReport@3daf7722]" started-at="2024-02-01T05:50:51Z" name="tearDown" finished-at="2024-02-01T05:50:51Z" duration-ms="0" status="PASS">
          <reporter-output>
          </reporter-output>
        </test-method> <!-- tearDown -->
        <test-method signature="ValidatingSearchBarByEmployeeNameAndEmployeeEmail(java.util.HashMap)[pri:5, instance:Serien.SerienLive.HRprogressReport@3daf7722]" started-at="2024-02-01T05:50:53Z" name="ValidatingSearchBarByEmployeeNameAndEmployeeEmail" data-provider="all3typeCoursesDeatils" finished-at="2024-02-01T05:51:17Z" duration-ms="23139" status="PASS">
          <params>
            <param index="0">
              <value>
                <![CDATA[{CourseName=What cards have you been dealt?, Useremail=automation1@gmail.com, typeOfTraining=Games, userName=automation Tester 1, userpass=password}]]>
              </value>
            </param>
          </params>
          <reporter-output>
          </reporter-output>
        </test-method> <!-- ValidatingSearchBarByEmployeeNameAndEmployeeEmail -->
        <test-method is-config="true" signature="tearDown()[pri:0, instance:Serien.SerienLive.HRprogressReport@3daf7722]" started-at="2024-02-01T05:51:17Z" name="tearDown" finished-at="2024-02-01T05:51:17Z" duration-ms="0" status="PASS">
          <reporter-output>
          </reporter-output>
        </test-method> <!-- tearDown -->
      </class> <!-- Serien.SerienLive.HRprogressReport -->
    </test> <!-- Default test -->
  </suite> <!-- Default suite -->
</testng-results>
