<?xml version="1.0" encoding="UTF-8"?>
<testng-results ignored="0" total="1" passed="1" failed="0" skipped="0">
  <reporter-output>
  </reporter-output>
  <suite started-at="2024-05-23T11:05:33Z" name="Default suite" finished-at="2024-05-23T11:05:42Z" duration-ms="8288">
    <groups>
    </groups>
    <test started-at="2024-05-23T11:05:33Z" name="Default test" finished-at="2024-05-23T11:05:42Z" duration-ms="8288">
      <class name="DevToolOperations.BasicAuthentication">
        <test-method is-config="true" signature="launchApplication()[pri:0, instance:DevToolOperations.BasicAuthentication@26ceffa8]" started-at="2024-05-23T11:05:33Z" name="launchApplication" finished-at="2024-05-23T11:05:39Z" duration-ms="5424" status="PASS">
          <reporter-output>
          </reporter-output>
        </test-method> <!-- launchApplication -->
        <test-method signature="BasicAuthentication()[pri:0, instance:DevToolOperations.BasicAuthentication@26ceffa8]" started-at="2024-05-23T11:05:39Z" name="BasicAuthentication" finished-at="2024-05-23T11:05:42Z" duration-ms="2851" status="PASS">
          <reporter-output>
          </reporter-output>
        </test-method> <!-- BasicAuthentication -->
        <test-method is-config="true" signature="tearDown()[pri:0, instance:DevToolOperations.BasicAuthentication@26ceffa8]" started-at="2024-05-23T11:05:42Z" name="tearDown" finished-at="2024-05-23T11:05:42Z" duration-ms="0" status="PASS">
          <reporter-output>
          </reporter-output>
        </test-method> <!-- tearDown -->
      </class> <!-- DevToolOperations.BasicAuthentication -->
    </test> <!-- Default test -->
  </suite> <!-- Default suite -->
</testng-results>
