<?xml version="1.0" encoding="UTF-8"?>
<testng-results ignored="3" total="4" passed="1" failed="0" skipped="0">
  <reporter-output>
  </reporter-output>
  <suite started-at="2024-01-10T12:28:35Z" name="Default suite" finished-at="2024-01-10T12:28:44Z" duration-ms="9374">
    <groups>
    </groups>
    <test started-at="2024-01-10T12:28:35Z" name="Default test" finished-at="2024-01-10T12:28:44Z" duration-ms="9374">
      <class name="Serien.SerienLive.HRlearning">
        <test-method is-config="true" signature="lunchApplication()[pri:0, instance:Serien.SerienLive.HRlearning@7582ff54]" started-at="2024-01-10T12:28:35Z" name="lunchApplication" finished-at="2024-01-10T12:28:38Z" duration-ms="2461" status="PASS">
          <reporter-output>
          </reporter-output>
        </test-method> <!-- lunchApplication -->
        <test-method signature="ValidationOfDisclimerAccepectingAcknowledgeAndStartGame(java.util.HashMap)[pri:4, instance:Serien.SerienLive.HRlearning@7582ff54]" started-at="2024-01-10T12:28:38Z" name="ValidationOfDisclimerAccepectingAcknowledgeAndStartGame" data-provider="getdata" finished-at="2024-01-10T12:28:44Z" duration-ms="6902" status="PASS">
          <params>
            <param index="0">
              <value>
                <![CDATA[{CourseName=Safety and inclusion at the workplace, GroupName=Sitero_PoSH_2023, Useremail=omkar@krishworks.com, typeOfTraining=course, userpass=password, dueDate=12122024, Gamesname=Omkar test, adminPass=pass2023, ExpDiscilemrAlertMeg=Please Acknowledge Disclaimer First !, adminEmail=admin@demo.com, MicroLearningCourses=Affinity bias}]]>
              </value>
            </param>
          </params>
          <reporter-output>
          </reporter-output>
        </test-method> <!-- ValidationOfDisclimerAccepectingAcknowledgeAndStartGame -->
        <test-method is-config="true" signature="tearDown()[pri:0, instance:Serien.SerienLive.HRlearning@7582ff54]" started-at="2024-01-10T12:28:44Z" name="tearDown" finished-at="2024-01-10T12:28:44Z" duration-ms="0" status="PASS">
          <reporter-output>
          </reporter-output>
        </test-method> <!-- tearDown -->
      </class> <!-- Serien.SerienLive.HRlearning -->
    </test> <!-- Default test -->
  </suite> <!-- Default suite -->
</testng-results>
