<?xml version="1.0" encoding="UTF-8"?>
<testng-results ignored="0" total="1" passed="0" failed="1" skipped="0">
  <reporter-output>
  </reporter-output>
  <suite started-at="2024-02-06T14:13:19Z" name="Default suite" finished-at="2024-02-06T14:13:42Z" duration-ms="22199">
    <groups>
    </groups>
    <test started-at="2024-02-06T14:13:19Z" name="Default test" finished-at="2024-02-06T14:13:42Z" duration-ms="22199">
      <class name="Serien.SerienLive.HRcalenderAndEvents">
        <test-method is-config="true" signature="lunchApplication()[pri:0, instance:Serien.SerienLive.HRcalenderAndEvents@27216cd]" started-at="2024-02-06T14:13:19Z" name="lunchApplication" finished-at="2024-02-06T14:13:22Z" duration-ms="2412" status="PASS">
          <reporter-output>
          </reporter-output>
        </test-method> <!-- lunchApplication -->
        <test-method signature="ValidationOfEventAndCalender(java.util.HashMap)[pri:1, instance:Serien.SerienLive.HRcalenderAndEvents@27216cd]" started-at="2024-02-06T14:13:22Z" name="ValidationOfEventAndCalender" data-provider="basicDeatils" finished-at="2024-02-06T14:13:42Z" duration-ms="19634" status="FAIL">
          <params>
            <param index="0">
              <value>
                <![CDATA[{Useremail=automation1@gmail.com, adminPass=pass2023, userpass=password, adminEmail=admin@demo.com}]]>
              </value>
            </param>
          </params>
          <exception class="java.lang.AssertionError">
            <message>
              <![CDATA[expected [true] but found [false]]]>
            </message>
            <full-stacktrace>
              <![CDATA[java.lang.AssertionError: expected [true] but found [false]
at org.testng.Assert.fail(Assert.java:96)
at org.testng.Assert.failNotEquals(Assert.java:776)
at org.testng.Assert.assertTrue(Assert.java:44)
at org.testng.Assert.assertTrue(Assert.java:54)
at Serien.SerienLive.HRcalenderAndEvents.ValidationOfEventAndCalender(HRcalenderAndEvents.java:36)
at java.base/jdk.internal.reflect.NativeMethodAccessorImpl.invoke0(Native Method)
at java.base/jdk.internal.reflect.NativeMethodAccessorImpl.invoke(NativeMethodAccessorImpl.java:77)
at java.base/jdk.internal.reflect.DelegatingMethodAccessorImpl.invoke(DelegatingMethodAccessorImpl.java:43)
at java.base/java.lang.reflect.Method.invoke(Method.java:568)
at org.testng.internal.MethodInvocationHelper.invokeMethod(MethodInvocationHelper.java:124)
at org.testng.internal.Invoker.invokeMethod(Invoker.java:583)
at org.testng.internal.Invoker.invokeTestMethod(Invoker.java:719)
at org.testng.internal.Invoker.invokeTestMethods(Invoker.java:989)
at org.testng.internal.TestMethodWorker.invokeTestMethods(TestMethodWorker.java:125)
at org.testng.internal.TestMethodWorker.run(TestMethodWorker.java:109)
at org.testng.TestRunner.privateRun(TestRunner.java:648)
at org.testng.TestRunner.run(TestRunner.java:505)
at org.testng.SuiteRunner.runTest(SuiteRunner.java:455)
at org.testng.SuiteRunner.runSequentially(SuiteRunner.java:450)
at org.testng.SuiteRunner.privateRun(SuiteRunner.java:415)
at org.testng.SuiteRunner.run(SuiteRunner.java:364)
at org.testng.SuiteRunnerWorker.runSuite(SuiteRunnerWorker.java:52)
at org.testng.SuiteRunnerWorker.run(SuiteRunnerWorker.java:84)
at org.testng.TestNG.runSuitesSequentially(TestNG.java:1208)
at org.testng.TestNG.runSuitesLocally(TestNG.java:1137)
at org.testng.TestNG.runSuites(TestNG.java:1049)
at org.testng.TestNG.run(TestNG.java:1017)
at org.testng.remote.AbstractRemoteTestNG.run(AbstractRemoteTestNG.java:115)
at org.testng.remote.RemoteTestNG.initAndRun(RemoteTestNG.java:251)
at org.testng.remote.RemoteTestNG.main(RemoteTestNG.java:77)
]]>
            </full-stacktrace>
          </exception> <!-- java.lang.AssertionError -->
          <reporter-output>
          </reporter-output>
        </test-method> <!-- ValidationOfEventAndCalender -->
        <test-method is-config="true" signature="tearDown()[pri:0, instance:Serien.SerienLive.HRcalenderAndEvents@27216cd]" started-at="2024-02-06T14:13:42Z" name="tearDown" finished-at="2024-02-06T14:13:42Z" duration-ms="0" status="PASS">
          <reporter-output>
          </reporter-output>
        </test-method> <!-- tearDown -->
      </class> <!-- Serien.SerienLive.HRcalenderAndEvents -->
    </test> <!-- Default test -->
  </suite> <!-- Default suite -->
</testng-results>
