<?xml version="1.0" encoding="UTF-8"?>
<testng-results ignored="4" total="5" passed="1" failed="0" skipped="0">
  <reporter-output>
  </reporter-output>
  <suite started-at="2024-01-12T11:24:17Z" name="Default suite" finished-at="2024-01-12T11:24:46Z" duration-ms="28394">
    <groups>
    </groups>
    <test started-at="2024-01-12T11:24:17Z" name="Default test" finished-at="2024-01-12T11:24:46Z" duration-ms="28394">
      <class name="Serien.SerienLive.HRprogressReport">
        <test-method is-config="true" signature="lunchApplication()[pri:0, instance:Serien.SerienLive.HRprogressReport@67545b57]" started-at="2024-01-12T11:24:17Z" name="lunchApplication" finished-at="2024-01-12T11:24:22Z" duration-ms="4688" status="PASS">
          <reporter-output>
          </reporter-output>
        </test-method> <!-- lunchApplication -->
        <test-method signature="ValidatingSearchBarByEmployeeNameAndEmployeeEmail(java.util.HashMap)[pri:5, instance:Serien.SerienLive.HRprogressReport@67545b57]" started-at="2024-01-12T11:24:22Z" name="ValidatingSearchBarByEmployeeNameAndEmployeeEmail" data-provider="getdata" finished-at="2024-01-12T11:24:46Z" duration-ms="23687" status="PASS">
          <params>
            <param index="0">
              <value>
                <![CDATA[{CourseName=Omkar test, GroupName=Sitero_PoSH_2023, dueDate=12122024, adminPass=pass2023, ExpDiscilemrAlertMeg=Please Acknowledge Disclaimer First !, anyCourseName=Omkar test, userName=omkar123456, MicroLearningCourses=Affinity bias, Useremail=omkar@krishworks.com, typeOfTraining=course, userpass=password, Gamesname=Omkar test, adminEmail=admin@demo.com}]]>
              </value>
            </param>
          </params>
          <reporter-output>
          </reporter-output>
        </test-method> <!-- ValidatingSearchBarByEmployeeNameAndEmployeeEmail -->
        <test-method is-config="true" signature="tearDown()[pri:0, instance:Serien.SerienLive.HRprogressReport@67545b57]" started-at="2024-01-12T11:24:46Z" name="tearDown" finished-at="2024-01-12T11:24:46Z" duration-ms="0" status="PASS">
          <reporter-output>
          </reporter-output>
        </test-method> <!-- tearDown -->
      </class> <!-- Serien.SerienLive.HRprogressReport -->
    </test> <!-- Default test -->
  </suite> <!-- Default suite -->
</testng-results>
