<?xml version="1.0" encoding="UTF-8"?>
<testng-results ignored="1" total="2" passed="1" failed="0" skipped="0">
  <reporter-output>
  </reporter-output>
  <suite started-at="2024-01-08T14:35:59Z" name="Default suite" finished-at="2024-01-08T14:36:51Z" duration-ms="51145">
    <groups>
    </groups>
    <test started-at="2024-01-08T14:35:59Z" name="Default test" finished-at="2024-01-08T14:36:51Z" duration-ms="51145">
      <class name="Serien.SerienLive.AdminEnrollments">
        <test-method is-config="true" signature="lunchApplication()[pri:0, instance:Serien.SerienLive.AdminEnrollments@558bdf1f]" started-at="2024-01-08T14:35:59Z" name="lunchApplication" finished-at="2024-01-08T14:36:03Z" duration-ms="3573" status="PASS">
          <reporter-output>
          </reporter-output>
        </test-method> <!-- lunchApplication -->
        <test-method signature="ValidatingTheEnrollmentListForEnrollmentConfirmation(java.util.HashMap)[pri:2, instance:Serien.SerienLive.AdminEnrollments@558bdf1f]" started-at="2024-01-08T14:36:03Z" name="ValidatingTheEnrollmentListForEnrollmentConfirmation" data-provider="getdata" finished-at="2024-01-08T14:36:51Z" duration-ms="47561" status="PASS">
          <params>
            <param index="0">
              <value>
                <![CDATA[{CourseName=Safety and inclusion at the workplace, GroupName=Sitero_PoSH_2023, Useremail=omkar@krishworks.com, typeOfTraining=course, userpass=password, dueDate=12122024, adminPass=pass2023, adminEmail=admin@demo.com}]]>
              </value>
            </param>
          </params>
          <reporter-output>
          </reporter-output>
        </test-method> <!-- ValidatingTheEnrollmentListForEnrollmentConfirmation -->
        <test-method is-config="true" signature="tearDown()[pri:0, instance:Serien.SerienLive.AdminEnrollments@558bdf1f]" started-at="2024-01-08T14:36:51Z" name="tearDown" finished-at="2024-01-08T14:36:51Z" duration-ms="0" status="PASS">
          <reporter-output>
          </reporter-output>
        </test-method> <!-- tearDown -->
      </class> <!-- Serien.SerienLive.AdminEnrollments -->
    </test> <!-- Default test -->
  </suite> <!-- Default suite -->
</testng-results>
