<?xml version="1.0" encoding="UTF-8"?>
<testng-results ignored="1" total="2" passed="1" failed="0" skipped="0">
  <reporter-output>
  </reporter-output>
  <suite started-at="2024-01-10T10:04:48Z" name="Default suite" finished-at="2024-01-10T10:05:07Z" duration-ms="19745">
    <groups>
    </groups>
    <test started-at="2024-01-10T10:04:48Z" name="Default test" finished-at="2024-01-10T10:05:07Z" duration-ms="19745">
      <class name="Serien.SerienLive.HRlearning">
        <test-method is-config="true" signature="lunchApplication()[pri:0, instance:Serien.SerienLive.HRlearning@558bdf1f]" started-at="2024-01-10T10:04:48Z" name="lunchApplication" finished-at="2024-01-10T10:04:50Z" duration-ms="2806" status="PASS">
          <reporter-output>
          </reporter-output>
        </test-method> <!-- lunchApplication -->
        <test-method signature="ValidationOfDisclimerAccepectingAcknowledgeAndStartTheCourses(java.util.HashMap)[pri:2, instance:Serien.SerienLive.HRlearning@558bdf1f]" started-at="2024-01-10T10:04:50Z" name="ValidationOfDisclimerAccepectingAcknowledgeAndStartTheCourses" data-provider="getdata" finished-at="2024-01-10T10:05:07Z" duration-ms="16925" status="PASS">
          <params>
            <param index="0">
              <value>
                <![CDATA[{CourseName=Safety and inclusion at the workplace, GroupName=Sitero_PoSH_2023, Useremail=omkar@krishworks.com, typeOfTraining=course, userpass=password, dueDate=12122024, Gamesname=Omkar test, adminPass=pass2023, ExpDiscilemrAlertMeg=Please Acknowledge Disclaimer First !, adminEmail=admin@demo.com, MicroLearningCourses=Confirmation bias}]]>
              </value>
            </param>
          </params>
          <reporter-output>
          </reporter-output>
        </test-method> <!-- ValidationOfDisclimerAccepectingAcknowledgeAndStartTheCourses -->
        <test-method is-config="true" signature="tearDown()[pri:0, instance:Serien.SerienLive.HRlearning@558bdf1f]" started-at="2024-01-10T10:05:07Z" name="tearDown" finished-at="2024-01-10T10:05:07Z" duration-ms="0" status="PASS">
          <reporter-output>
          </reporter-output>
        </test-method> <!-- tearDown -->
      </class> <!-- Serien.SerienLive.HRlearning -->
    </test> <!-- Default test -->
  </suite> <!-- Default suite -->
</testng-results>
