<?xml version="1.0" encoding="UTF-8"?>
<testng-results ignored="0" total="1" passed="1" failed="0" skipped="0">
  <reporter-output>
  </reporter-output>
  <suite started-at="2023-12-19T06:18:54Z" name="Default suite" finished-at="2023-12-19T06:19:02Z" duration-ms="7304">
    <groups>
    </groups>
    <test started-at="2023-12-19T06:18:54Z" name="Default test" finished-at="2023-12-19T06:19:02Z" duration-ms="7304">
      <class name="Serien.SerienLive.GroupTest">
        <test-method is-config="true" signature="lunchApplication()[pri:0, instance:Serien.SerienLive.GroupTest@600b90df]" started-at="2023-12-19T06:18:54Z" name="lunchApplication" finished-at="2023-12-19T06:18:57Z" duration-ms="2548" status="PASS">
          <reporter-output>
          </reporter-output>
        </test-method> <!-- lunchApplication -->
        <test-method signature="CreatingGroupinAdminPanle(java.util.HashMap)[pri:0, instance:Serien.SerienLive.GroupTest@600b90df]" started-at="2023-12-19T06:18:57Z" name="CreatingGroupinAdminPanle" data-provider="getdata4" finished-at="2023-12-19T06:19:02Z" duration-ms="4744" status="PASS">
          <params>
            <param index="0">
              <value>
                <![CDATA[{Useremail=omkar@krishworks.com, Adminuserpass=pass2023, expectedExpText=Subscription Expired, AdminUseremail=admin@demo.com, userpass=password}]]>
              </value>
            </param>
          </params>
          <reporter-output>
          </reporter-output>
        </test-method> <!-- CreatingGroupinAdminPanle -->
        <test-method is-config="true" signature="tearDown()[pri:0, instance:Serien.SerienLive.GroupTest@600b90df]" started-at="2023-12-19T06:19:02Z" name="tearDown" finished-at="2023-12-19T06:19:02Z" duration-ms="0" status="PASS">
          <reporter-output>
          </reporter-output>
        </test-method> <!-- tearDown -->
      </class> <!-- Serien.SerienLive.GroupTest -->
    </test> <!-- Default test -->
  </suite> <!-- Default suite -->
</testng-results>
