<?xml version="1.0" encoding="UTF-8"?>
<testng-results ignored="2" total="3" passed="1" failed="0" skipped="0">
  <reporter-output>
  </reporter-output>
  <suite started-at="2024-01-09T06:38:16Z" name="Default suite" finished-at="2024-01-09T06:38:23Z" duration-ms="6867">
    <groups>
    </groups>
    <test started-at="2024-01-09T06:38:16Z" name="Default test" finished-at="2024-01-09T06:38:23Z" duration-ms="6867">
      <class name="Serien.SerienLive.AdminEnrollments">
        <test-method is-config="true" signature="lunchApplication()[pri:0, instance:Serien.SerienLive.AdminEnrollments@8576fa0]" started-at="2024-01-09T06:38:16Z" name="lunchApplication" finished-at="2024-01-09T06:38:19Z" duration-ms="3125" status="PASS">
          <reporter-output>
          </reporter-output>
        </test-method> <!-- lunchApplication -->
        <test-method signature="validationOfCoursesEnrollmentFromHRpanle(java.util.HashMap)[pri:3, instance:Serien.SerienLive.AdminEnrollments@8576fa0]" started-at="2024-01-09T06:38:19Z" name="validationOfCoursesEnrollmentFromHRpanle" data-provider="getdata" finished-at="2024-01-09T06:38:23Z" duration-ms="3730" status="PASS">
          <params>
            <param index="0">
              <value>
                <![CDATA[{CourseName=Safety and inclusion at the workplace, GroupName=Sitero_PoSH_2023, Useremail=omkar@krishworks.com, typeOfTraining=course, userpass=password, dueDate=12122024, adminPass=pass2023, adminEmail=admin@demo.com}]]>
              </value>
            </param>
          </params>
          <reporter-output>
          </reporter-output>
        </test-method> <!-- validationOfCoursesEnrollmentFromHRpanle -->
        <test-method is-config="true" signature="tearDown()[pri:0, instance:Serien.SerienLive.AdminEnrollments@8576fa0]" started-at="2024-01-09T06:38:23Z" name="tearDown" finished-at="2024-01-09T06:38:23Z" duration-ms="0" status="PASS">
          <reporter-output>
          </reporter-output>
        </test-method> <!-- tearDown -->
      </class> <!-- Serien.SerienLive.AdminEnrollments -->
    </test> <!-- Default test -->
  </suite> <!-- Default suite -->
</testng-results>
