<?xml version="1.0" encoding="UTF-8"?>
<testng-results ignored="0" total="1" passed="1" failed="0" skipped="0">
  <reporter-output>
  </reporter-output>
  <suite started-at="2024-01-10T07:19:04Z" name="Default suite" finished-at="2024-01-10T07:19:22Z" duration-ms="17637">
    <groups>
    </groups>
    <test started-at="2024-01-10T07:19:04Z" name="Default test" finished-at="2024-01-10T07:19:22Z" duration-ms="17637">
      <class name="Serien.SerienLive.HRlearning">
        <test-method is-config="true" signature="lunchApplication()[pri:0, instance:Serien.SerienLive.HRlearning@27216cd]" started-at="2024-01-10T07:19:04Z" name="lunchApplication" finished-at="2024-01-10T07:19:08Z" duration-ms="3254" status="PASS">
          <reporter-output>
          </reporter-output>
        </test-method> <!-- lunchApplication -->
        <test-method signature="ValidationOfDisclimerErrorMesg(java.util.HashMap)[pri:1, instance:Serien.SerienLive.HRlearning@27216cd]" started-at="2024-01-10T07:19:08Z" name="ValidationOfDisclimerErrorMesg" data-provider="getdata" finished-at="2024-01-10T07:19:22Z" duration-ms="14372" status="PASS">
          <params>
            <param index="0">
              <value>
                <![CDATA[{CourseName=Safety and inclusion at the workplace, GroupName=Sitero_PoSH_2023, Useremail=omkar@krishworks.com, typeOfTraining=course, userpass=password, dueDate=12122024, Gamesname=Omkar test, adminPass=pass2023, ExpDiscilemrAlertMeg=Please Acknowledge Disclaimer First !, adminEmail=admin@demo.com, MicroLearningCourses=Confirmation bias}]]>
              </value>
            </param>
          </params>
          <reporter-output>
          </reporter-output>
        </test-method> <!-- ValidationOfDisclimerErrorMesg -->
        <test-method is-config="true" signature="tearDown()[pri:0, instance:Serien.SerienLive.HRlearning@27216cd]" started-at="2024-01-10T07:19:22Z" name="tearDown" finished-at="2024-01-10T07:19:22Z" duration-ms="0" status="PASS">
          <reporter-output>
          </reporter-output>
        </test-method> <!-- tearDown -->
      </class> <!-- Serien.SerienLive.HRlearning -->
    </test> <!-- Default test -->
  </suite> <!-- Default suite -->
</testng-results>
