<?xml version="1.0" encoding="UTF-8"?>
<testng-results ignored="1" total="2" passed="1" failed="0" skipped="0">
  <reporter-output>
  </reporter-output>
  <suite started-at="2024-02-01T07:33:07Z" name="Default suite" finished-at="2024-02-01T07:33:21Z" duration-ms="14111">
    <groups>
    </groups>
    <test started-at="2024-02-01T07:33:07Z" name="Default test" finished-at="2024-02-01T07:33:21Z" duration-ms="14111">
      <class name="Serien.SerienLive.GroupTest">
        <test-method is-config="true" signature="lunchApplication()[pri:0, instance:Serien.SerienLive.GroupTest@558bdf1f]" started-at="2024-02-01T07:33:07Z" name="lunchApplication" finished-at="2024-02-01T07:33:12Z" duration-ms="5045" status="PASS">
          <reporter-output>
          </reporter-output>
        </test-method> <!-- lunchApplication -->
        <test-method signature="ValidationOfGroupNameUserCountEnrollmentsCount(java.util.HashMap)[pri:0, instance:Serien.SerienLive.GroupTest@558bdf1f]" started-at="2024-02-01T07:33:12Z" name="ValidationOfGroupNameUserCountEnrollmentsCount" data-provider="getdata4" finished-at="2024-02-01T07:33:21Z" duration-ms="9038" status="PASS">
          <params>
            <param index="0">
              <value>
                <![CDATA[{GroupName=courses complation sample test, Useremail=omkar@krishworks.com, Adminuserpass=pass2023, expectedExpText=Subscription Expired, userpass=password, AdminUseremail=admin@demo.com}]]>
              </value>
            </param>
          </params>
          <reporter-output>
          </reporter-output>
        </test-method> <!-- ValidationOfGroupNameUserCountEnrollmentsCount -->
        <test-method is-config="true" signature="tearDown()[pri:0, instance:Serien.SerienLive.GroupTest@558bdf1f]" started-at="2024-02-01T07:33:21Z" name="tearDown" finished-at="2024-02-01T07:33:21Z" duration-ms="0" status="PASS">
          <reporter-output>
          </reporter-output>
        </test-method> <!-- tearDown -->
      </class> <!-- Serien.SerienLive.GroupTest -->
    </test> <!-- Default test -->
  </suite> <!-- Default suite -->
</testng-results>
