<?xml version="1.0" encoding="UTF-8"?>
<testng-results ignored="0" total="1" passed="1" failed="0" skipped="0">
  <reporter-output>
  </reporter-output>
  <suite started-at="2023-12-08T13:49:21Z" name="Default suite" finished-at="2023-12-08T13:49:27Z" duration-ms="6063">
    <groups>
    </groups>
    <test started-at="2023-12-08T13:49:21Z" name="Default test" finished-at="2023-12-08T13:49:27Z" duration-ms="6063">
      <class name="Serien.SerienLive.GroupEnrollment">
        <test-method is-config="true" signature="lunchApplication()[pri:0, instance:Serien.SerienLive.GroupEnrollment@600b90df]" started-at="2023-12-08T13:49:21Z" name="lunchApplication" finished-at="2023-12-08T13:49:24Z" duration-ms="2761" status="PASS">
          <reporter-output>
          </reporter-output>
        </test-method> <!-- lunchApplication -->
        <test-method signature="ValidationOfSubscriptionEndDate(java.util.HashMap)[pri:0, instance:Serien.SerienLive.GroupEnrollment@600b90df]" started-at="2023-12-08T13:49:24Z" name="ValidationOfSubscriptionEndDate" data-provider="getdata1" finished-at="2023-12-08T13:49:27Z" duration-ms="3291" status="PASS">
          <params>
            <param index="0">
              <value>
                <![CDATA[{Useremail=omkar@krishworks.com, enddate=30-08-2023, grptit=Overall gender representation, userpass=password, companyName=om78, startdate=08-08-2023, userName=omkar, noticeperiod=10}]]>
              </value>
            </param>
          </params>
          <reporter-output>
          </reporter-output>
        </test-method> <!-- ValidationOfSubscriptionEndDate -->
        <test-method is-config="true" signature="tearDown()[pri:0, instance:Serien.SerienLive.GroupEnrollment@600b90df]" started-at="2023-12-08T13:49:27Z" name="tearDown" finished-at="2023-12-08T13:49:27Z" duration-ms="0" status="PASS">
          <reporter-output>
          </reporter-output>
        </test-method> <!-- tearDown -->
      </class> <!-- Serien.SerienLive.GroupEnrollment -->
    </test> <!-- Default test -->
  </suite> <!-- Default suite -->
</testng-results>
