<?xml version="1.0" encoding="UTF-8"?>
<testng-results ignored="13" total="14" passed="1" failed="0" skipped="0">
  <reporter-output>
  </reporter-output>
  <suite started-at="2024-01-03T11:49:55Z" name="Default suite" finished-at="2024-01-03T11:50:01Z" duration-ms="6013">
    <groups>
    </groups>
    <test started-at="2024-01-03T11:49:55Z" name="Default test" finished-at="2024-01-03T11:50:01Z" duration-ms="6013">
      <class name="Serien.SerienLive.LoginPageTest">
        <test-method is-config="true" signature="lunchApplication()[pri:0, instance:Serien.SerienLive.LoginPageTest@6cce16f4]" started-at="2024-01-03T11:49:55Z" name="lunchApplication" finished-at="2024-01-03T11:49:58Z" duration-ms="2491" status="PASS">
          <reporter-output>
          </reporter-output>
        </test-method> <!-- lunchApplication -->
        <test-method signature="ValidationOfSetPasswordLinkSendSucessfully(java.util.HashMap)[pri:14, instance:Serien.SerienLive.LoginPageTest@6cce16f4]" started-at="2024-01-03T11:49:58Z" name="ValidationOfSetPasswordLinkSendSucessfully" data-provider="getdata2" finished-at="2024-01-03T11:50:01Z" duration-ms="3402" status="PASS">
          <params>
            <param index="0">
              <value>
                <![CDATA[{fp URL=forgot password, err=Please enter your email, emailErr=Inavlid Email, Fp=Forgot password, sucessfullMsg=A password recovery link has been sent to your registered email id. Please check your spam folder if you do not see the email in your inbox., invalidEmail=Test@gmail.com}]]>
              </value>
            </param>
          </params>
          <reporter-output>
          </reporter-output>
        </test-method> <!-- ValidationOfSetPasswordLinkSendSucessfully -->
        <test-method is-config="true" signature="tearDown()[pri:0, instance:Serien.SerienLive.LoginPageTest@6cce16f4]" started-at="2024-01-03T11:50:01Z" name="tearDown" finished-at="2024-01-03T11:50:01Z" duration-ms="109" status="PASS">
          <reporter-output>
          </reporter-output>
        </test-method> <!-- tearDown -->
      </class> <!-- Serien.SerienLive.LoginPageTest -->
    </test> <!-- Default test -->
  </suite> <!-- Default suite -->
</testng-results>
