<?xml version="1.0" encoding="UTF-8"?>
<testng-results ignored="5" total="6" passed="1" failed="0" skipped="0">
  <reporter-output>
  </reporter-output>
  <suite started-at="2024-01-18T12:55:28Z" name="Default suite" finished-at="2024-01-18T12:55:49Z" duration-ms="20831">
    <groups>
    </groups>
    <test started-at="2024-01-18T12:55:28Z" name="Default test" finished-at="2024-01-18T12:55:49Z" duration-ms="20831">
      <class name="Serien.SerienLive.AdminEnrollments">
        <test-method is-config="true" signature="lunchApplication()[pri:0, instance:Serien.SerienLive.AdminEnrollments@5f354bcf]" started-at="2024-01-18T12:55:28Z" name="lunchApplication" finished-at="2024-01-18T12:55:31Z" duration-ms="3293" status="PASS">
          <reporter-output>
          </reporter-output>
        </test-method> <!-- lunchApplication -->
        <test-method signature="GetUserEnrollmentDetails(java.util.HashMap)[pri:6, instance:Serien.SerienLive.AdminEnrollments@5f354bcf]" started-at="2024-01-18T12:55:31Z" name="GetUserEnrollmentDetails" data-provider="getdata1" finished-at="2024-01-18T12:55:49Z" duration-ms="17523" status="PASS">
          <params>
            <param index="0">
              <value>
                <![CDATA[{Useremail=omkar@krishworks.com, userpass=password, Courses=Safety and inclusion at the workplace, adminPass=pass2023, adminEmail=admin@demo.com, group=TCS}]]>
              </value>
            </param>
          </params>
          <reporter-output>
          </reporter-output>
        </test-method> <!-- GetUserEnrollmentDetails -->
        <test-method is-config="true" signature="tearDown()[pri:0, instance:Serien.SerienLive.AdminEnrollments@5f354bcf]" started-at="2024-01-18T12:55:49Z" name="tearDown" finished-at="2024-01-18T12:55:49Z" duration-ms="0" status="PASS">
          <reporter-output>
          </reporter-output>
        </test-method> <!-- tearDown -->
      </class> <!-- Serien.SerienLive.AdminEnrollments -->
    </test> <!-- Default test -->
  </suite> <!-- Default suite -->
</testng-results>
