<?xml version="1.0" encoding="UTF-8"?>
<testng-results ignored="2" total="3" passed="1" failed="0" skipped="0">
  <reporter-output>
  </reporter-output>
  <suite started-at="2024-01-10T11:15:37Z" name="Default suite" finished-at="2024-01-10T11:15:47Z" duration-ms="9768">
    <groups>
    </groups>
    <test started-at="2024-01-10T11:15:37Z" name="Default test" finished-at="2024-01-10T11:15:47Z" duration-ms="9768">
      <class name="Serien.SerienLive.HRlearning">
        <test-method is-config="true" signature="lunchApplication()[pri:0, instance:Serien.SerienLive.HRlearning@8576fa0]" started-at="2024-01-10T11:15:37Z" name="lunchApplication" finished-at="2024-01-10T11:15:40Z" duration-ms="2643" status="PASS">
          <reporter-output>
          </reporter-output>
        </test-method> <!-- lunchApplication -->
        <test-method signature="ValidationOfDisclimerAccepectingAcknowledgeAndStartMicroLearning(java.util.HashMap)[pri:3, instance:Serien.SerienLive.HRlearning@8576fa0]" started-at="2024-01-10T11:15:40Z" name="ValidationOfDisclimerAccepectingAcknowledgeAndStartMicroLearning" data-provider="getdata" finished-at="2024-01-10T11:15:47Z" duration-ms="7116" status="PASS">
          <params>
            <param index="0">
              <value>
                <![CDATA[{CourseName=Safety and inclusion at the workplace, GroupName=Sitero_PoSH_2023, Useremail=omkar@krishworks.com, typeOfTraining=course, userpass=password, dueDate=12122024, Gamesname=Omkar test, adminPass=pass2023, ExpDiscilemrAlertMeg=Please Acknowledge Disclaimer First !, adminEmail=admin@demo.com, MicroLearningCourses=Affinity bias}]]>
              </value>
            </param>
          </params>
          <reporter-output>
          </reporter-output>
        </test-method> <!-- ValidationOfDisclimerAccepectingAcknowledgeAndStartMicroLearning -->
        <test-method is-config="true" signature="tearDown()[pri:0, instance:Serien.SerienLive.HRlearning@8576fa0]" started-at="2024-01-10T11:15:47Z" name="tearDown" finished-at="2024-01-10T11:15:47Z" duration-ms="0" status="PASS">
          <reporter-output>
          </reporter-output>
        </test-method> <!-- tearDown -->
      </class> <!-- Serien.SerienLive.HRlearning -->
    </test> <!-- Default test -->
  </suite> <!-- Default suite -->
</testng-results>
