<?xml version="1.0" encoding="UTF-8"?>
<testng-results ignored="1" total="2" passed="1" failed="0" skipped="0">
  <reporter-output>
  </reporter-output>
  <suite started-at="2024-01-17T12:24:03Z" name="Default suite" finished-at="2024-01-17T12:24:20Z" duration-ms="16335">
    <groups>
    </groups>
    <test started-at="2024-01-17T12:24:03Z" name="Default test" finished-at="2024-01-17T12:24:20Z" duration-ms="16335">
      <class name="Serien.SerienLive.AdminUserSection">
        <test-method is-config="true" signature="lunchApplication()[pri:0, instance:Serien.SerienLive.AdminUserSection@558bdf1f]" started-at="2024-01-17T12:24:03Z" name="lunchApplication" finished-at="2024-01-17T12:24:06Z" duration-ms="2492" status="PASS">
          <reporter-output>
          </reporter-output>
        </test-method> <!-- lunchApplication -->
        <test-method signature="UserCoursesDeatilsFeatch(java.util.HashMap)[pri:2, instance:Serien.SerienLive.AdminUserSection@558bdf1f]" started-at="2024-01-17T12:24:06Z" name="UserCoursesDeatilsFeatch" data-provider="getdata" finished-at="2024-01-17T12:24:20Z" duration-ms="13831" status="PASS">
          <params>
            <param index="0">
              <value>
                <![CDATA[{CourseName=Descriptive & prescriptive stereotypes, GroupName=Sitero_PoSH_2023, Useremail=omkar@krishworks.com, typeOfTraining=course, userpass=password, dueDate=12122024, Gamesname=Omkar test, adminPass=pass2023, adminEmail=admin@demo.com, MicroLearningCourses=Confirmation bias}]]>
              </value>
            </param>
          </params>
          <reporter-output>
          </reporter-output>
        </test-method> <!-- UserCoursesDeatilsFeatch -->
        <test-method is-config="true" signature="tearDown()[pri:0, instance:Serien.SerienLive.AdminUserSection@558bdf1f]" started-at="2024-01-17T12:24:20Z" name="tearDown" finished-at="2024-01-17T12:24:20Z" duration-ms="0" status="PASS">
          <reporter-output>
          </reporter-output>
        </test-method> <!-- tearDown -->
      </class> <!-- Serien.SerienLive.AdminUserSection -->
    </test> <!-- Default test -->
  </suite> <!-- Default suite -->
</testng-results>
