<?xml version="1.0" encoding="UTF-8"?>
<testng-results ignored="0" total="1" passed="1" failed="0" skipped="0">
  <reporter-output>
  </reporter-output>
  <suite started-at="2024-02-06T14:54:38Z" name="Default suite" finished-at="2024-02-06T14:55:05Z" duration-ms="26464">
    <groups>
    </groups>
    <test started-at="2024-02-06T14:54:38Z" name="Default test" finished-at="2024-02-06T14:55:05Z" duration-ms="26464">
      <class name="Serien.SerienLive.HRcalenderAndEvents">
        <test-method is-config="true" signature="lunchApplication()[pri:0, instance:Serien.SerienLive.HRcalenderAndEvents@27216cd]" started-at="2024-02-06T14:54:38Z" name="lunchApplication" finished-at="2024-02-06T14:54:41Z" duration-ms="2828" status="PASS">
          <reporter-output>
          </reporter-output>
        </test-method> <!-- lunchApplication -->
        <test-method signature="ValidationOfEventAndCalender(java.util.HashMap)[pri:1, instance:Serien.SerienLive.HRcalenderAndEvents@27216cd]" started-at="2024-02-06T14:54:41Z" name="ValidationOfEventAndCalender" data-provider="basicDeatils" finished-at="2024-02-06T14:55:05Z" duration-ms="23498" status="PASS">
          <params>
            <param index="0">
              <value>
                <![CDATA[{=, iteamDesc=automation Iteam iteamDesc, link=https://vimeo.com/597312672/bfdf8e5ea1, adminPass=pass2023, iteamName=automation Iteam, Useremail=automation1@gmail.com, eventDesc=automation eventDesc, month=December, userpass=password, eventName=automation, yearOfTheEvent=2023, iteamDocType=VideoLink, adminEmail=admin@demo.com}]]>
              </value>
            </param>
          </params>
          <reporter-output>
          </reporter-output>
        </test-method> <!-- ValidationOfEventAndCalender -->
        <test-method is-config="true" signature="tearDown()[pri:0, instance:Serien.SerienLive.HRcalenderAndEvents@27216cd]" started-at="2024-02-06T14:55:05Z" name="tearDown" finished-at="2024-02-06T14:55:05Z" duration-ms="0" status="PASS">
          <reporter-output>
          </reporter-output>
        </test-method> <!-- tearDown -->
      </class> <!-- Serien.SerienLive.HRcalenderAndEvents -->
    </test> <!-- Default test -->
  </suite> <!-- Default suite -->
</testng-results>
