<?xml version="1.0" encoding="UTF-8"?>
<testng-results ignored="0" total="1" passed="1" failed="0" skipped="0">
  <reporter-output>
  </reporter-output>
  <suite started-at="2023-12-18T05:52:29Z" name="Default suite" finished-at="2023-12-18T05:52:37Z" duration-ms="8655">
    <groups>
    </groups>
    <test started-at="2023-12-18T05:52:29Z" name="Default test" finished-at="2023-12-18T05:52:37Z" duration-ms="8655">
      <class name="Serien.SerienLive.SubscriptionExpired">
        <test-method is-config="true" signature="lunchApplication()[pri:0, instance:Serien.SerienLive.SubscriptionExpired@600b90df]" started-at="2023-12-18T05:52:29Z" name="lunchApplication" finished-at="2023-12-18T05:52:31Z" duration-ms="2437" status="PASS">
          <reporter-output>
          </reporter-output>
        </test-method> <!-- lunchApplication -->
        <test-method signature="FromAdminPanleExpireTheSubscription(java.util.HashMap)[pri:0, instance:Serien.SerienLive.SubscriptionExpired@600b90df]" started-at="2023-12-18T05:52:31Z" name="FromAdminPanleExpireTheSubscription" data-provider="getdata2" finished-at="2023-12-18T05:52:37Z" duration-ms="6207" status="PASS">
          <params>
            <param index="0">
              <value>
                <![CDATA[{Useremail=omkar@krishworks.com, Adminuserpass=pass2023, expectedExpText=Subscription Expired, AdminUseremail=admin@demo.com, userpass=password}]]>
              </value>
            </param>
          </params>
          <reporter-output>
          </reporter-output>
        </test-method> <!-- FromAdminPanleExpireTheSubscription -->
        <test-method is-config="true" signature="tearDown()[pri:0, instance:Serien.SerienLive.SubscriptionExpired@600b90df]" started-at="2023-12-18T05:52:37Z" name="tearDown" finished-at="2023-12-18T05:52:37Z" duration-ms="0" status="PASS">
          <reporter-output>
          </reporter-output>
        </test-method> <!-- tearDown -->
      </class> <!-- Serien.SerienLive.SubscriptionExpired -->
    </test> <!-- Default test -->
  </suite> <!-- Default suite -->
</testng-results>
