<?xml version="1.0" encoding="UTF-8"?>
<testng-results ignored="4" total="5" passed="1" failed="0" skipped="0">
  <reporter-output>
  </reporter-output>
  <suite started-at="2024-01-09T09:30:06Z" name="Default suite" finished-at="2024-01-09T09:30:14Z" duration-ms="8146">
    <groups>
    </groups>
    <test started-at="2024-01-09T09:30:06Z" name="Default test" finished-at="2024-01-09T09:30:14Z" duration-ms="8146">
      <class name="Serien.SerienLive.AdminEnrollments">
        <test-method is-config="true" signature="lunchApplication()[pri:0, instance:Serien.SerienLive.AdminEnrollments@67545b57]" started-at="2024-01-09T09:30:06Z" name="lunchApplication" finished-at="2024-01-09T09:30:09Z" duration-ms="3366" status="PASS">
          <reporter-output>
          </reporter-output>
        </test-method> <!-- lunchApplication -->
        <test-method signature="validationOfGamesEnrollmentFromHRpanle(java.util.HashMap)[pri:5, instance:Serien.SerienLive.AdminEnrollments@67545b57]" started-at="2024-01-09T09:30:09Z" name="validationOfGamesEnrollmentFromHRpanle" data-provider="getdata" finished-at="2024-01-09T09:30:14Z" duration-ms="4769" status="PASS">
          <params>
            <param index="0">
              <value>
                <![CDATA[{CourseName=Safety and inclusion at the workplace, GroupName=Sitero_PoSH_2023, Useremail=omkar@krishworks.com, typeOfTraining=course, userpass=password, dueDate=12122024, Gamesname=Omkar test, adminPass=pass2023, adminEmail=admin@demo.com, MicroLearningCourses=Confirmation bias}]]>
              </value>
            </param>
          </params>
          <reporter-output>
          </reporter-output>
        </test-method> <!-- validationOfGamesEnrollmentFromHRpanle -->
        <test-method is-config="true" signature="tearDown()[pri:0, instance:Serien.SerienLive.AdminEnrollments@67545b57]" started-at="2024-01-09T09:30:14Z" name="tearDown" finished-at="2024-01-09T09:30:14Z" duration-ms="0" status="PASS">
          <reporter-output>
          </reporter-output>
        </test-method> <!-- tearDown -->
      </class> <!-- Serien.SerienLive.AdminEnrollments -->
    </test> <!-- Default test -->
  </suite> <!-- Default suite -->
</testng-results>
