<?xml version="1.0" encoding="UTF-8"?>
<testng-results ignored="3" total="4" passed="1" failed="0" skipped="0">
  <reporter-output>
  </reporter-output>
  <suite started-at="2024-02-02T15:21:09Z" name="Default suite" finished-at="2024-02-02T15:21:32Z" duration-ms="22518">
    <groups>
    </groups>
    <test started-at="2024-02-02T15:21:09Z" name="Default test" finished-at="2024-02-02T15:21:32Z" duration-ms="22518">
      <class name="Serien.SerienLive.HRprofile">
        <test-method is-config="true" signature="lunchApplication()[pri:0, instance:Serien.SerienLive.HRprofile@5f354bcf]" started-at="2024-02-02T15:21:10Z" name="lunchApplication" finished-at="2024-02-02T15:21:12Z" duration-ms="2662" status="PASS">
          <reporter-output>
          </reporter-output>
        </test-method> <!-- lunchApplication -->
        <test-method signature="ValidationHRchangePassword(java.util.HashMap)[pri:3, instance:Serien.SerienLive.HRprofile@5f354bcf]" started-at="2024-02-02T15:21:12Z" name="ValidationHRchangePassword" data-provider="passwordChange" finished-at="2024-02-02T15:21:32Z" duration-ms="19719" status="PASS">
          <params>
            <param index="0">
              <value>
                <![CDATA[{newPass=password, Useremail=automation3@gmail.com, userName=automation 3, userPass=123456}]]>
              </value>
            </param>
          </params>
          <reporter-output>
          </reporter-output>
        </test-method> <!-- ValidationHRchangePassword -->
        <test-method is-config="true" signature="tearDown()[pri:0, instance:Serien.SerienLive.HRprofile@5f354bcf]" started-at="2024-02-02T15:21:32Z" name="tearDown" finished-at="2024-02-02T15:21:32Z" duration-ms="1" status="PASS">
          <reporter-output>
          </reporter-output>
        </test-method> <!-- tearDown -->
      </class> <!-- Serien.SerienLive.HRprofile -->
    </test> <!-- Default test -->
  </suite> <!-- Default suite -->
</testng-results>
