<?xml version="1.0" encoding="UTF-8"?>
<testng-results ignored="3" total="4" passed="1" failed="0" skipped="0">
  <reporter-output>
  </reporter-output>
  <suite started-at="2024-01-09T07:30:37Z" name="Default suite" finished-at="2024-01-09T07:30:45Z" duration-ms="7835">
    <groups>
    </groups>
    <test started-at="2024-01-09T07:30:37Z" name="Default test" finished-at="2024-01-09T07:30:45Z" duration-ms="7835">
      <class name="Serien.SerienLive.AdminEnrollments">
        <test-method is-config="true" signature="lunchApplication()[pri:0, instance:Serien.SerienLive.AdminEnrollments@7582ff54]" started-at="2024-01-09T07:30:37Z" name="lunchApplication" finished-at="2024-01-09T07:30:41Z" duration-ms="3587" status="PASS">
          <reporter-output>
          </reporter-output>
        </test-method> <!-- lunchApplication -->
        <test-method signature="validationOfMicroLearningEnrollmentFromHRpanle(java.util.HashMap)[pri:4, instance:Serien.SerienLive.AdminEnrollments@7582ff54]" started-at="2024-01-09T07:30:41Z" name="validationOfMicroLearningEnrollmentFromHRpanle" data-provider="getdata" finished-at="2024-01-09T07:30:45Z" duration-ms="4236" status="PASS">
          <params>
            <param index="0">
              <value>
                <![CDATA[{CourseName=Safety and inclusion at the workplace, GroupName=Sitero_PoSH_2023, Useremail=omkar@krishworks.com, typeOfTraining=course, userpass=password, dueDate=12122024, adminPass=pass2023, adminEmail=admin@demo.com, MicroLearningCourses=Confirmation bias}]]>
              </value>
            </param>
          </params>
          <reporter-output>
          </reporter-output>
        </test-method> <!-- validationOfMicroLearningEnrollmentFromHRpanle -->
        <test-method is-config="true" signature="tearDown()[pri:0, instance:Serien.SerienLive.AdminEnrollments@7582ff54]" started-at="2024-01-09T07:30:45Z" name="tearDown" finished-at="2024-01-09T07:30:45Z" duration-ms="0" status="PASS">
          <reporter-output>
          </reporter-output>
        </test-method> <!-- tearDown -->
      </class> <!-- Serien.SerienLive.AdminEnrollments -->
    </test> <!-- Default test -->
  </suite> <!-- Default suite -->
</testng-results>
