<?xml version="1.0" encoding="UTF-8"?>
<testng-results ignored="0" total="1" passed="1" failed="0" skipped="0">
  <reporter-output>
  </reporter-output>
  <suite started-at="2024-01-16T07:22:26Z" name="Default suite" finished-at="2024-01-16T07:23:13Z" duration-ms="47107">
    <groups>
    </groups>
    <test started-at="2024-01-16T07:22:26Z" name="Default test" finished-at="2024-01-16T07:23:13Z" duration-ms="47107">
      <class name="Serien.SerienLive.HRCoursesComplation">
        <test-method is-config="true" signature="lunchApplication()[pri:0, instance:Serien.SerienLive.HRCoursesComplation@27216cd]" started-at="2024-01-16T07:22:26Z" name="lunchApplication" finished-at="2024-01-16T07:22:29Z" duration-ms="3528" status="PASS">
          <reporter-output>
          </reporter-output>
        </test-method> <!-- lunchApplication -->
        <test-method signature="ValidationOfCoursesAttend(java.util.HashMap)[pri:1, instance:Serien.SerienLive.HRCoursesComplation@27216cd]" started-at="2024-01-16T07:22:29Z" name="ValidationOfCoursesAttend" data-provider="getdata" finished-at="2024-01-16T07:23:13Z" duration-ms="43565" status="PASS">
          <params>
            <param index="0">
              <value>
                <![CDATA[{CourseName=automatiom Test Training, Useremail=omkar@krishworks.com, quiz2Ans1=The impact of Gaurav’s behaviour on Nisha is certainly more relevant here., quiz1Ans2=Three colleagues go to a cafe for a weekend brunch. One of them is verbally harassed by the staff of the restaurant., userpass=password, quiz1Ans1=Priya can reach out to both her company’s IC or the client's IC based on her comfort., adminPass=pass2023, adminEmail=admin@demo.com}]]>
              </value>
            </param>
          </params>
          <reporter-output>
          </reporter-output>
        </test-method> <!-- ValidationOfCoursesAttend -->
        <test-method is-config="true" signature="tearDown()[pri:0, instance:Serien.SerienLive.HRCoursesComplation@27216cd]" started-at="2024-01-16T07:23:13Z" name="tearDown" finished-at="2024-01-16T07:23:13Z" duration-ms="0" status="PASS">
          <reporter-output>
          </reporter-output>
        </test-method> <!-- tearDown -->
      </class> <!-- Serien.SerienLive.HRCoursesComplation -->
    </test> <!-- Default test -->
  </suite> <!-- Default suite -->
</testng-results>
