<?xml version="1.0" encoding="UTF-8"?>
<testng-results ignored="6" total="7" passed="1" failed="0" skipped="0">
  <reporter-output>
  </reporter-output>
  <suite started-at="2024-01-21T14:56:45Z" name="Default suite" finished-at="2024-01-21T14:57:21Z" duration-ms="36429">
    <groups>
    </groups>
    <test started-at="2024-01-21T14:56:45Z" name="Default test" finished-at="2024-01-21T14:57:21Z" duration-ms="36429">
      <class name="Serien.SerienLive.AdminEnrollments">
        <test-method is-config="true" signature="lunchApplication()[pri:0, instance:Serien.SerienLive.AdminEnrollments@3daf7722]" started-at="2024-01-21T14:56:45Z" name="lunchApplication" finished-at="2024-01-21T14:56:47Z" duration-ms="2655" status="PASS">
          <reporter-output>
          </reporter-output>
        </test-method> <!-- lunchApplication -->
        <test-method signature="UserCoursesComplation(java.util.HashMap)[pri:7, instance:Serien.SerienLive.AdminEnrollments@3daf7722]" started-at="2024-01-21T14:56:47Z" name="UserCoursesComplation" data-provider="getdata1" finished-at="2024-01-21T14:57:21Z" duration-ms="33760" status="PASS">
          <params>
            <param index="0">
              <value>
                <![CDATA[{Useremail=omkar@krishworks.com, userpass=password, Courses=Gender stereotypes, adminPass=pass2023, adminEmail=admin@demo.com, group=TCS}]]>
              </value>
            </param>
          </params>
          <reporter-output>
          </reporter-output>
        </test-method> <!-- UserCoursesComplation -->
        <test-method is-config="true" signature="tearDown()[pri:0, instance:Serien.SerienLive.AdminEnrollments@3daf7722]" started-at="2024-01-21T14:57:21Z" name="tearDown" finished-at="2024-01-21T14:57:21Z" duration-ms="0" status="PASS">
          <reporter-output>
          </reporter-output>
        </test-method> <!-- tearDown -->
      </class> <!-- Serien.SerienLive.AdminEnrollments -->
    </test> <!-- Default test -->
  </suite> <!-- Default suite -->
</testng-results>
