<?xml version="1.0" encoding="UTF-8"?>
<testng-results ignored="0" total="1" passed="1" failed="0" skipped="0">
  <reporter-output>
  </reporter-output>
  <suite started-at="2023-09-01T15:34:39Z" name="Default suite" finished-at="2023-09-01T15:34:49Z" duration-ms="9056">
    <groups>
    </groups>
    <test started-at="2023-09-01T15:34:39Z" name="Default test" finished-at="2023-09-01T15:34:49Z" duration-ms="9056">
      <class name="Serien.SerienLive.GetSubDate">
        <test-method is-config="true" signature="lunchApplication()[pri:0, instance:Serien.SerienLive.GetSubDate@5c2375a9]" started-at="2023-09-01T15:34:39Z" name="lunchApplication" finished-at="2023-09-01T15:34:43Z" duration-ms="3861" status="PASS">
          <reporter-output>
          </reporter-output>
        </test-method> <!-- lunchApplication -->
        <test-method signature="ValidationDiversityMetric(java.util.HashMap)[pri:0, instance:Serien.SerienLive.GetSubDate@5c2375a9]" started-at="2023-09-01T15:34:43Z" name="ValidationDiversityMetric" data-provider="getdata4" finished-at="2023-09-01T15:34:49Z" duration-ms="5182" status="PASS">
          <params>
            <param index="0">
              <value>
                <![CDATA[{Useremail=omkar@krishworks.com, userpass=password}]]>
              </value>
            </param>
          </params>
          <reporter-output>
          </reporter-output>
        </test-method> <!-- ValidationDiversityMetric -->
        <test-method is-config="true" signature="tearDown()[pri:0, instance:Serien.SerienLive.GetSubDate@5c2375a9]" started-at="2023-09-01T15:34:49Z" name="tearDown" finished-at="2023-09-01T15:34:49Z" duration-ms="0" status="PASS">
          <reporter-output>
          </reporter-output>
        </test-method> <!-- tearDown -->
      </class> <!-- Serien.SerienLive.GetSubDate -->
    </test> <!-- Default test -->
  </suite> <!-- Default suite -->
</testng-results>
