<?xml version="1.0" encoding="UTF-8"?>
<testng-results ignored="0" total="1" passed="1" failed="0" skipped="0">
  <reporter-output>
  </reporter-output>
  <suite started-at="2024-02-01T06:04:03Z" name="Default suite" finished-at="2024-02-01T06:04:41Z" duration-ms="37890">
    <groups>
    </groups>
    <test started-at="2024-02-01T06:04:03Z" name="Default test" finished-at="2024-02-01T06:04:41Z" duration-ms="37890">
      <class name="Serien.SerienLive.DiversityMetric">
        <test-method is-config="true" signature="lunchApplication()[pri:0, instance:Serien.SerienLive.DiversityMetric@27216cd]" started-at="2024-02-01T06:04:03Z" name="lunchApplication" finished-at="2024-02-01T06:04:07Z" duration-ms="3911" status="PASS">
          <reporter-output>
          </reporter-output>
        </test-method> <!-- lunchApplication -->
        <test-method signature="ValidationDiversityMetric(java.util.HashMap)[pri:0, instance:Serien.SerienLive.DiversityMetric@27216cd]" started-at="2024-02-01T06:04:07Z" name="ValidationDiversityMetric" data-provider="getdata4" finished-at="2024-02-01T06:04:41Z" duration-ms="33968" status="PASS">
          <params>
            <param index="0">
              <value>
                <![CDATA[{Useremail=omkar@krishworks.com, userpass=password}]]>
              </value>
            </param>
          </params>
          <reporter-output>
          </reporter-output>
        </test-method> <!-- ValidationDiversityMetric -->
        <test-method is-config="true" signature="tearDown()[pri:0, instance:Serien.SerienLive.DiversityMetric@27216cd]" started-at="2024-02-01T06:04:41Z" name="tearDown" finished-at="2024-02-01T06:04:41Z" duration-ms="0" status="PASS">
          <reporter-output>
          </reporter-output>
        </test-method> <!-- tearDown -->
      </class> <!-- Serien.SerienLive.DiversityMetric -->
    </test> <!-- Default test -->
  </suite> <!-- Default suite -->
</testng-results>
