<?xml version="1.0" encoding="UTF-8"?>
<testng-results ignored="0" total="1" passed="1" failed="0" skipped="0">
  <reporter-output>
  </reporter-output>
  <suite started-at="2024-02-02T10:07:13Z" name="Default suite" finished-at="2024-02-02T10:07:21Z" duration-ms="7226">
    <groups>
    </groups>
    <test started-at="2024-02-02T10:07:13Z" name="Default test" finished-at="2024-02-02T10:07:21Z" duration-ms="7226">
      <class name="Serien.SerienLive.GetSubDate">
        <test-method is-config="true" signature="lunchApplication()[pri:0, instance:Serien.SerienLive.GetSubDate@27216cd]" started-at="2024-02-02T10:07:13Z" name="lunchApplication" finished-at="2024-02-02T10:07:16Z" duration-ms="2705" status="PASS">
          <reporter-output>
          </reporter-output>
        </test-method> <!-- lunchApplication -->
        <test-method signature="getSubscriptionEndDateInProgressReport(java.util.HashMap)[pri:0, instance:Serien.SerienLive.GetSubDate@27216cd]" started-at="2024-02-02T10:07:16Z" name="getSubscriptionEndDateInProgressReport" data-provider="getdata4" finished-at="2024-02-02T10:07:21Z" duration-ms="4509" status="PASS">
          <params>
            <param index="0">
              <value>
                <![CDATA[{Useremail=omkar@krishworks.com, userpass=password}]]>
              </value>
            </param>
          </params>
          <reporter-output>
          </reporter-output>
        </test-method> <!-- getSubscriptionEndDateInProgressReport -->
        <test-method is-config="true" signature="tearDown()[pri:0, instance:Serien.SerienLive.GetSubDate@27216cd]" started-at="2024-02-02T10:07:21Z" name="tearDown" finished-at="2024-02-02T10:07:21Z" duration-ms="0" status="PASS">
          <reporter-output>
          </reporter-output>
        </test-method> <!-- tearDown -->
      </class> <!-- Serien.SerienLive.GetSubDate -->
    </test> <!-- Default test -->
  </suite> <!-- Default suite -->
</testng-results>
