<?xml version="1.0" encoding="UTF-8"?>
<testng-results ignored="0" total="1" passed="1" failed="0" skipped="0">
  <reporter-output>
  </reporter-output>
  <suite started-at="2023-10-10T12:12:11Z" name="Default suite" finished-at="2023-10-10T12:12:19Z" duration-ms="8005">
    <groups>
    </groups>
    <test started-at="2023-10-10T12:12:11Z" name="Default test" finished-at="2023-10-10T12:12:19Z" duration-ms="8005">
      <class name="Serien.SerienLive.CourseDataAndProgression">
        <test-method is-config="true" signature="lunchApplication()[pri:0, instance:Serien.SerienLive.CourseDataAndProgression@5c2375a9]" started-at="2023-10-10T12:12:11Z" name="lunchApplication" finished-at="2023-10-10T12:12:13Z" duration-ms="2183" status="PASS">
          <reporter-output>
          </reporter-output>
        </test-method> <!-- lunchApplication -->
        <test-method signature="ValidationCourse(java.util.HashMap)[pri:0, instance:Serien.SerienLive.CourseDataAndProgression@5c2375a9]" started-at="2023-10-10T12:12:13Z" name="ValidationCourse" data-provider="getdata2" finished-at="2023-10-10T12:12:19Z" duration-ms="5809" status="PASS">
          <params>
            <param index="0">
              <value>
                <![CDATA[{Useremail=omkar@krishworks.com, userpass=password}]]>
              </value>
            </param>
          </params>
          <reporter-output>
          </reporter-output>
        </test-method> <!-- ValidationCourse -->
        <test-method is-config="true" signature="tearDown()[pri:0, instance:Serien.SerienLive.CourseDataAndProgression@5c2375a9]" started-at="2023-10-10T12:12:19Z" name="tearDown" finished-at="2023-10-10T12:12:19Z" duration-ms="0" status="PASS">
          <reporter-output>
          </reporter-output>
        </test-method> <!-- tearDown -->
      </class> <!-- Serien.SerienLive.CourseDataAndProgression -->
    </test> <!-- Default test -->
  </suite> <!-- Default suite -->
</testng-results>
