<?xml version="1.0" encoding="UTF-8"?>
<testng-results ignored="0" total="1" passed="1" failed="0" skipped="0">
  <reporter-output>
  </reporter-output>
  <suite started-at="2023-12-15T10:39:10Z" name="Default suite" finished-at="2023-12-15T10:39:16Z" duration-ms="6254">
    <groups>
    </groups>
    <test started-at="2023-12-15T10:39:10Z" name="Default test" finished-at="2023-12-15T10:39:16Z" duration-ms="6254">
      <class name="Serien.SerienLive.SubscriptionExpired">
        <test-method is-config="true" signature="lunchApplication()[pri:0, instance:Serien.SerienLive.SubscriptionExpired@600b90df]" started-at="2023-12-15T10:39:10Z" name="lunchApplication" finished-at="2023-12-15T10:39:13Z" duration-ms="2416" status="PASS">
          <reporter-output>
          </reporter-output>
        </test-method> <!-- lunchApplication -->
        <test-method signature="ValidationCourse(java.util.HashMap)[pri:0, instance:Serien.SerienLive.SubscriptionExpired@600b90df]" started-at="2023-12-15T10:39:13Z" name="ValidationCourse" data-provider="getdata2" finished-at="2023-12-15T10:39:16Z" duration-ms="3826" status="PASS">
          <params>
            <param index="0">
              <value>
                <![CDATA[{Useremail=omkar@krishworks.com, expectedExpText=zzzzz, userpass=password}]]>
              </value>
            </param>
          </params>
          <reporter-output>
          </reporter-output>
        </test-method> <!-- ValidationCourse -->
        <test-method is-config="true" signature="tearDown()[pri:0, instance:Serien.SerienLive.SubscriptionExpired@600b90df]" started-at="2023-12-15T10:39:16Z" name="tearDown" finished-at="2023-12-15T10:39:16Z" duration-ms="0" status="PASS">
          <reporter-output>
          </reporter-output>
        </test-method> <!-- tearDown -->
      </class> <!-- Serien.SerienLive.SubscriptionExpired -->
    </test> <!-- Default test -->
  </suite> <!-- Default suite -->
</testng-results>
