<?xml version="1.0" encoding="UTF-8"?>
<testng-results ignored="0" total="1" passed="1" failed="0" skipped="0">
  <reporter-output>
  </reporter-output>
  <suite started-at="2024-01-23T12:49:25Z" name="Default suite" finished-at="2024-01-23T13:00:25Z" duration-ms="659988">
    <groups>
    </groups>
    <test started-at="2024-01-23T12:49:25Z" name="Default test" finished-at="2024-01-23T13:00:25Z" duration-ms="659988">
      <class name="Serien.SerienLive.EndToEndTestCase">
        <test-method is-config="true" signature="lunchApplication()[pri:0, instance:Serien.SerienLive.EndToEndTestCase@27216cd]" started-at="2024-01-23T12:49:25Z" name="lunchApplication" finished-at="2024-01-23T12:49:28Z" duration-ms="3341" status="PASS">
          <reporter-output>
          </reporter-output>
        </test-method> <!-- lunchApplication -->
        <test-method signature="FromAdminPanleExpireTheSubscription(java.util.HashMap)[pri:0, instance:Serien.SerienLive.EndToEndTestCase@27216cd]" started-at="2024-01-23T12:49:28Z" name="FromAdminPanleExpireTheSubscription" data-provider="getdata2" finished-at="2024-01-23T13:00:25Z" duration-ms="656627" status="PASS">
          <params>
            <param index="0">
              <value>
                <![CDATA[{GroupName=TCS755Group2, CourseName=automatiom Test Training, quiz1Ans2=Three colleagues go to a cafe for a weekend brunch. One of them is verbally harassed by the staff of the restaurant., cerLink=//storage.googleapis.com/serein-devqa-internal-gcp.appspot.com/generatedCertificate/, empComCourses=1, companyName=TCS123, empNotComCourses=0, quiz1Ans1=Priya can reach out to both her company’s IC or the client's IC based on her comfort., startdate=23-01-2024, enrollmentDueDate=30-12-2024, Useremail=omkar@krishworks.com, Adminuserpass=pass2023, expectedExpText=Subscription Expired, enddate=30-12-2024, typeOfTraining=course, quiz2Ans1=The impact of Gaurav’s behaviour on Nisha is certainly more relevant here., totalEmp=1, userpass=password, empName=omkar, AdminUseremail=admin@demo.com, noticeperiod=10, groupExpDate=30-12-2024}]]>
              </value>
            </param>
          </params>
          <reporter-output>
          </reporter-output>
        </test-method> <!-- FromAdminPanleExpireTheSubscription -->
        <test-method is-config="true" signature="tearDown()[pri:0, instance:Serien.SerienLive.EndToEndTestCase@27216cd]" started-at="2024-01-23T13:00:25Z" name="tearDown" finished-at="2024-01-23T13:00:25Z" duration-ms="0" status="PASS">
          <reporter-output>
          </reporter-output>
        </test-method> <!-- tearDown -->
      </class> <!-- Serien.SerienLive.EndToEndTestCase -->
    </test> <!-- Default test -->
  </suite> <!-- Default suite -->
</testng-results>
